2014/09/19 11:07:12 [error] [php] Undefined index: ToSalary (/var/www/html/hrips/protected/controllers/EmpAppraisalsController.php:82)
Stack trace:
#0 /var/www/html/hrips/yii/framework/web/filters/CFilterChain.php(133): EmpAppraisalsController->runAction()
#1 /var/www/html/hrips/yii/framework/web/filters/CFilter.php(40): CFilterChain->run()
#2 /var/www/html/hrips/yii/framework/web/CController.php(1145): CAccessControlFilter->filter()
#3 /var/www/html/hrips/yii/framework/web/filters/CInlineFilter.php(58): EmpAppraisalsController->filterAccessControl()
#4 /var/www/html/hrips/yii/framework/web/filters/CFilterChain.php(130): CInlineFilter->filter()
#5 /var/www/html/hrips/yii/framework/web/CController.php(291): CFilterChain->run()
#6 /var/www/html/hrips/yii/framework/web/CController.php(265): EmpAppraisalsController->runActionWithFilters()
#7 /var/www/html/hrips/yii/framework/web/CWebApplication.php(282): EmpAppraisalsController->run()
#8 /var/www/html/hrips/yii/framework/web/CWebApplication.php(141): CWebApplication->runController()
#9 /var/www/html/hrips/yii/framework/base/CApplication.php(169): CWebApplication->processRequest()
#10 /var/www/html/hrips/index.php(14): CWebApplication->run()
REQUEST_URI=/hrips/index.php/empAppraisals/create
in /var/www/html/hrips/protected/controllers/EmpAppraisalsController.php (82)
2014/09/19 11:10:26 [error] [exception.CException] exception 'CException' with message 'Property "EmpAppraisals.DateAdded" is not defined.' in /var/www/html/hrips/yii/framework/base/CComponent.php:173
Stack trace:
#0 /var/www/html/hrips/yii/framework/db/ar/CActiveRecord.php(159): CComponent->__set('DateAdded', '2014-09-19 11:1...')
#1 /var/www/html/hrips/protected/controllers/EmpAppraisalsController.php(88): CActiveRecord->__set('DateAdded', '2014-09-19 11:1...')
#2 /var/www/html/hrips/yii/framework/web/actions/CInlineAction.php(49): EmpAppraisalsController->actionCreate()
#3 /var/www/html/hrips/yii/framework/web/CController.php(308): CInlineAction->runWithParams(Array)
#4 /var/www/html/hrips/yii/framework/web/filters/CFilterChain.php(133): CController->runAction(Object(CInlineAction))
#5 /var/www/html/hrips/yii/framework/web/filters/CFilter.php(40): CFilterChain->run()
#6 /var/www/html/hrips/yii/framework/web/CController.php(1145): CFilter->filter(Object(CFilterChain))
#7 /var/www/html/hrips/yii/framework/web/filters/CInlineFilter.php(58): CController->filterAccessControl(Object(CFilterChain))
#8 /var/www/html/hrips/yii/framework/web/filters/CFilterChain.php(130): CInlineFilter->filter(Object(CFilterChain))
#9 /var/www/html/hrips/yii/framework/web/CController.php(291): CFilterChain->run()
#10 /var/www/html/hrips/yii/framework/web/CController.php(265): CController->runActionWithFilters(Object(CInlineAction), Array)
#11 /var/www/html/hrips/yii/framework/web/CWebApplication.php(282): CController->run('create')
#12 /var/www/html/hrips/yii/framework/web/CWebApplication.php(141): CWebApplication->runController('empAppraisals/c...')
#13 /var/www/html/hrips/yii/framework/base/CApplication.php(169): CWebApplication->processRequest()
#14 /var/www/html/hrips/index.php(14): CApplication->run()
#15 {main}
REQUEST_URI=/hrips/index.php/empAppraisals/create
HTTP_REFERER=http://192.168.1.231/hrips/index.php/empAppraisals/create
---
2014/09/19 11:14:53 [error] [php] Undefined index: empName (/var/www/html/hrips/protected/controllers/EmpAppraisalsController.php:84)
Stack trace:
#0 /var/www/html/hrips/yii/framework/web/filters/CFilterChain.php(133): EmpAppraisalsController->runAction()
#1 /var/www/html/hrips/yii/framework/web/filters/CFilter.php(40): CFilterChain->run()
#2 /var/www/html/hrips/yii/framework/web/CController.php(1145): CAccessControlFilter->filter()
#3 /var/www/html/hrips/yii/framework/web/filters/CInlineFilter.php(58): EmpAppraisalsController->filterAccessControl()
#4 /var/www/html/hrips/yii/framework/web/filters/CFilterChain.php(130): CInlineFilter->filter()
#5 /var/www/html/hrips/yii/framework/web/CController.php(291): CFilterChain->run()
#6 /var/www/html/hrips/yii/framework/web/CController.php(265): EmpAppraisalsController->runActionWithFilters()
#7 /var/www/html/hrips/yii/framework/web/CWebApplication.php(282): EmpAppraisalsController->run()
#8 /var/www/html/hrips/yii/framework/web/CWebApplication.php(141): CWebApplication->runController()
#9 /var/www/html/hrips/yii/framework/base/CApplication.php(169): CWebApplication->processRequest()
#10 /var/www/html/hrips/index.php(14): CWebApplication->run()
REQUEST_URI=/hrips/index.php/empAppraisals/create
in /var/www/html/hrips/protected/controllers/EmpAppraisalsController.php (84)
2014/09/19 11:18:57 [error] [exception.CException] exception 'CException' with message 'Property "EmpAppraisals.EmpName" is not defined.' in /var/www/html/hrips/yii/framework/base/CComponent.php:130
Stack trace:
#0 /var/www/html/hrips/yii/framework/db/ar/CActiveRecord.php(143): CComponent->__get('EmpName')
#1 /var/www/html/hrips/yii/framework/web/helpers/CHtml.php(2255): CActiveRecord->__get('EmpName')
#2 /var/www/html/hrips/yii/framework/web/helpers/CHtml.php(1980): CHtml::resolveValue(Object(EmpAppraisals), 'EmpName')
#3 /var/www/html/hrips/yii/framework/web/helpers/CHtml.php(1372): CHtml::activeInputField('hidden', Object(EmpAppraisals), 'EmpName', Array)
#4 /var/www/html/hrips/yii/framework/web/widgets/CActiveForm.php(672): CHtml::activeHiddenField(Object(EmpAppraisals), 'EmpName', Array)
#5 /var/www/html/hrips/protected/views/empAppraisals/_form.php(37): CActiveForm->hiddenField(Object(EmpAppraisals), 'EmpName')
#6 /var/www/html/hrips/yii/framework/web/CBaseController.php(126): require('/var/www/html/h...')
#7 /var/www/html/hrips/yii/framework/web/CBaseController.php(95): CBaseController->renderInternal('/var/www/html/h...', Array, true)
#8 /var/www/html/hrips/yii/framework/web/CController.php(869): CBaseController->renderFile('/var/www/html/h...', Array, true)
#9 /var/www/html/hrips/protected/views/empAppraisals/create.php(18): CController->renderPartial('_form', Array)
#10 /var/www/html/hrips/yii/framework/web/CBaseController.php(126): require('/var/www/html/h...')
#11 /var/www/html/hrips/yii/framework/web/CBaseController.php(95): CBaseController->renderInternal('/var/www/html/h...', Array, true)
#12 /var/www/html/hrips/yii/framework/web/CController.php(869): CBaseController->renderFile('/var/www/html/h...', Array, true)
#13 /var/www/html/hrips/yii/framework/web/CController.php(782): CController->renderPartial('create', Array, true)
#14 /var/www/html/hrips/protected/controllers/EmpAppraisalsController.php(106): CController->render('create', Array)
#15 /var/www/html/hrips/yii/framework/web/actions/CInlineAction.php(49): EmpAppraisalsController->actionCreate()
#16 /var/www/html/hrips/yii/framework/web/CController.php(308): CInlineAction->runWithParams(Array)
#17 /var/www/html/hrips/yii/framework/web/filters/CFilterChain.php(133): CController->runAction(Object(CInlineAction))
#18 /var/www/html/hrips/yii/framework/web/filters/CFilter.php(40): CFilterChain->run()
#19 /var/www/html/hrips/yii/framework/web/CController.php(1145): CFilter->filter(Object(CFilterChain))
#20 /var/www/html/hrips/yii/framework/web/filters/CInlineFilter.php(58): CController->filterAccessControl(Object(CFilterChain))
#21 /var/www/html/hrips/yii/framework/web/filters/CFilterChain.php(130): CInlineFilter->filter(Object(CFilterChain))
#22 /var/www/html/hrips/yii/framework/web/CController.php(291): CFilterChain->run()
#23 /var/www/html/hrips/yii/framework/web/CController.php(265): CController->runActionWithFilters(Object(CInlineAction), Array)
#24 /var/www/html/hrips/yii/framework/web/CWebApplication.php(282): CController->run('create')
#25 /var/www/html/hrips/yii/framework/web/CWebApplication.php(141): CWebApplication->runController('empAppraisals/c...')
#26 /var/www/html/hrips/yii/framework/base/CApplication.php(169): CWebApplication->processRequest()
#27 /var/www/html/hrips/index.php(14): CApplication->run()
#28 {main}
REQUEST_URI=/hrips/index.php/empAppraisals/create
---
2014/09/19 11:20:54 [error] [php] Undefined index: empName (/var/www/html/hrips/protected/controllers/EmpAppraisalsController.php:84)
Stack trace:
#0 /var/www/html/hrips/yii/framework/web/filters/CFilterChain.php(133): EmpAppraisalsController->runAction()
#1 /var/www/html/hrips/yii/framework/web/filters/CFilter.php(40): CFilterChain->run()
#2 /var/www/html/hrips/yii/framework/web/CController.php(1145): CAccessControlFilter->filter()
#3 /var/www/html/hrips/yii/framework/web/filters/CInlineFilter.php(58): EmpAppraisalsController->filterAccessControl()
#4 /var/www/html/hrips/yii/framework/web/filters/CFilterChain.php(130): CInlineFilter->filter()
#5 /var/www/html/hrips/yii/framework/web/CController.php(291): CFilterChain->run()
#6 /var/www/html/hrips/yii/framework/web/CController.php(265): EmpAppraisalsController->runActionWithFilters()
#7 /var/www/html/hrips/yii/framework/web/CWebApplication.php(282): EmpAppraisalsController->run()
#8 /var/www/html/hrips/yii/framework/web/CWebApplication.php(141): CWebApplication->runController()
#9 /var/www/html/hrips/yii/framework/base/CApplication.php(169): CWebApplication->processRequest()
#10 /var/www/html/hrips/index.php(14): CWebApplication->run()
REQUEST_URI=/hrips/index.php/empAppraisals/create
in /var/www/html/hrips/protected/controllers/EmpAppraisalsController.php (84)
2014/09/19 11:23:36 [error] [exception.CException] exception 'CException' with message 'Property "EmpAppraisals.ID" is not defined.' in /var/www/html/hrips/yii/framework/base/CComponent.php:130
Stack trace:
#0 /var/www/html/hrips/yii/framework/db/ar/CActiveRecord.php(143): CComponent->__get('ID')
#1 /var/www/html/hrips/protected/controllers/EmpAppraisalsController.php(94): CActiveRecord->__get('ID')
#2 /var/www/html/hrips/yii/framework/web/actions/CInlineAction.php(49): EmpAppraisalsController->actionCreate()
#3 /var/www/html/hrips/yii/framework/web/CController.php(308): CInlineAction->runWithParams(Array)
#4 /var/www/html/hrips/yii/framework/web/filters/CFilterChain.php(133): CController->runAction(Object(CInlineAction))
#5 /var/www/html/hrips/yii/framework/web/filters/CFilter.php(40): CFilterChain->run()
#6 /var/www/html/hrips/yii/framework/web/CController.php(1145): CFilter->filter(Object(CFilterChain))
#7 /var/www/html/hrips/yii/framework/web/filters/CInlineFilter.php(58): CController->filterAccessControl(Object(CFilterChain))
#8 /var/www/html/hrips/yii/framework/web/filters/CFilterChain.php(130): CInlineFilter->filter(Object(CFilterChain))
#9 /var/www/html/hrips/yii/framework/web/CController.php(291): CFilterChain->run()
#10 /var/www/html/hrips/yii/framework/web/CController.php(265): CController->runActionWithFilters(Object(CInlineAction), Array)
#11 /var/www/html/hrips/yii/framework/web/CWebApplication.php(282): CController->run('create')
#12 /var/www/html/hrips/yii/framework/web/CWebApplication.php(141): CWebApplication->runController('empAppraisals/c...')
#13 /var/www/html/hrips/yii/framework/base/CApplication.php(169): CWebApplication->processRequest()
#14 /var/www/html/hrips/index.php(14): CApplication->run()
#15 {main}
REQUEST_URI=/hrips/index.php/empAppraisals/create
HTTP_REFERER=http://192.168.1.231/hrips/index.php/empAppraisals/create
---
2014/09/19 12:21:37 [error] [exception.CException] exception 'CException' with message 'Property "EmpInformation.empId" is not defined.' in /var/www/html/hrips/yii/framework/base/CComponent.php:130
Stack trace:
#0 /var/www/html/hrips/yii/framework/db/ar/CActiveRecord.php(143): CComponent->__get('empId')
#1 /var/www/html/hrips/protected/views/empAppraisals/view.php(27): CActiveRecord->__get('empId')
#2 /var/www/html/hrips/yii/framework/web/CBaseController.php(126): require('/var/www/html/h...')
#3 /var/www/html/hrips/yii/framework/web/CBaseController.php(95): CBaseController->renderInternal('/var/www/html/h...', Array, true)
#4 /var/www/html/hrips/yii/framework/web/CController.php(869): CBaseController->renderFile('/var/www/html/h...', Array, true)
#5 /var/www/html/hrips/yii/framework/web/CController.php(782): CController->renderPartial('view', Array, true)
#6 /var/www/html/hrips/protected/controllers/EmpAppraisalsController.php(65): CController->render('view', Array)
#7 [internal function]: EmpAppraisalsController->actionView('1')
#8 /var/www/html/hrips/yii/framework/web/actions/CAction.php(108): ReflectionMethod->invokeArgs(Object(EmpAppraisalsController), Array)
#9 /var/www/html/hrips/yii/framework/web/actions/CInlineAction.php(47): CAction->runWithParamsInternal(Object(EmpAppraisalsController), Object(ReflectionMethod), Array)
#10 /var/www/html/hrips/yii/framework/web/CController.php(308): CInlineAction->runWithParams(Array)
#11 /var/www/html/hrips/yii/framework/web/filters/CFilterChain.php(133): CController->runAction(Object(CInlineAction))
#12 /var/www/html/hrips/yii/framework/web/filters/CFilter.php(40): CFilterChain->run()
#13 /var/www/html/hrips/yii/framework/web/CController.php(1145): CFilter->filter(Object(CFilterChain))
#14 /var/www/html/hrips/yii/framework/web/filters/CInlineFilter.php(58): CController->filterAccessControl(Object(CFilterChain))
#15 /var/www/html/hrips/yii/framework/web/filters/CFilterChain.php(130): CInlineFilter->filter(Object(CFilterChain))
#16 /var/www/html/hrips/yii/framework/web/CController.php(291): CFilterChain->run()
#17 /var/www/html/hrips/yii/framework/web/CController.php(265): CController->runActionWithFilters(Object(CInlineAction), Array)
#18 /var/www/html/hrips/yii/framework/web/CWebApplication.php(282): CController->run('view')
#19 /var/www/html/hrips/yii/framework/web/CWebApplication.php(141): CWebApplication->runController('empAppraisals/v...')
#20 /var/www/html/hrips/yii/framework/base/CApplication.php(169): CWebApplication->processRequest()
#21 /var/www/html/hrips/index.php(14): CApplication->run()
#22 {main}
REQUEST_URI=/hrips/index.php/empAppraisals/1
HTTP_REFERER=http://192.168.1.231/hrips/index.php/empAppraisals/admin
---
2014/09/19 13:04:40 [error] [php] Missing argument 2 for CActiveForm::labelEx(), called in /var/www/html/hrips/protected/views/empAppraisals/_form.php on line 79 and defined (/var/www/html/hrips/yii/framework/web/widgets/CActiveForm.php:560)
Stack trace:
#0 /var/www/html/hrips/yii/framework/web/CBaseController.php(95): EmpAppraisalsController->renderInternal()
#1 /var/www/html/hrips/yii/framework/web/CController.php(869): EmpAppraisalsController->renderFile()
#2 /var/www/html/hrips/protected/views/empAppraisals/create.php(18): EmpAppraisalsController->renderPartial()
#3 /var/www/html/hrips/yii/framework/web/CBaseController.php(126): require()
#4 /var/www/html/hrips/yii/framework/web/CBaseController.php(95): EmpAppraisalsController->renderInternal()
#5 /var/www/html/hrips/yii/framework/web/CController.php(869): EmpAppraisalsController->renderFile()
#6 /var/www/html/hrips/yii/framework/web/CController.php(782): EmpAppraisalsController->renderPartial()
#7 /var/www/html/hrips/protected/controllers/EmpAppraisalsController.php(106): EmpAppraisalsController->render()
#8 /var/www/html/hrips/yii/framework/web/actions/CInlineAction.php(49): EmpAppraisalsController->actionCreate()
#9 /var/www/html/hrips/yii/framework/web/CController.php(308): CInlineAction->runWithParams()
#10 /var/www/html/hrips/yii/framework/web/filters/CFilterChain.php(133): EmpAppraisalsController->runAction()
#11 /var/www/html/hrips/yii/framework/web/filters/CFilter.php(40): CFilterChain->run()
#12 /var/www/html/hrips/yii/framework/web/CController.php(1145): CAccessControlFilter->filter()
#13 /var/www/html/hrips/yii/framework/web/filters/CInlineFilter.php(58): EmpAppraisalsController->filterAccessControl()
#14 /var/www/html/hrips/yii/framework/web/filters/CFilterChain.php(130): CInlineFilter->filter()
#15 /var/www/html/hrips/yii/framework/web/CController.php(291): CFilterChain->run()
#16 /var/www/html/hrips/yii/framework/web/CController.php(265): EmpAppraisalsController->runActionWithFilters()
#17 /var/www/html/hrips/yii/framework/web/CWebApplication.php(282): EmpAppraisalsController->run()
#18 /var/www/html/hrips/yii/framework/web/CWebApplication.php(141): CWebApplication->runController()
#19 /var/www/html/hrips/yii/framework/base/CApplication.php(169): CWebApplication->processRequest()
#20 /var/www/html/hrips/index.php(14): CWebApplication->run()
REQUEST_URI=/hrips/index.php/empAppraisals/create
in /var/www/html/hrips/protected/views/empAppraisals/_form.php (79)
2014/09/19 13:05:28 [error] [exception.CException] exception 'CException' with message 'Property "EmpAppraisals.Position" is not defined.' in /var/www/html/hrips/yii/framework/base/CComponent.php:130
Stack trace:
#0 /var/www/html/hrips/yii/framework/db/ar/CActiveRecord.php(143): CComponent->__get('Position')
#1 /var/www/html/hrips/yii/framework/web/helpers/CHtml.php(2255): CActiveRecord->__get('Position')
#2 /var/www/html/hrips/yii/framework/web/helpers/CHtml.php(1565): CHtml::resolveValue(Object(EmpAppraisals), 'Position')
#3 /var/www/html/hrips/yii/framework/web/widgets/CActiveForm.php(763): CHtml::activeDropDownList(Object(EmpAppraisals), 'Position', Array, Array)
#4 /var/www/html/hrips/protected/views/empAppraisals/_form.php(80): CActiveForm->dropDownList(Object(EmpAppraisals), 'Position', Array, Array)
#5 /var/www/html/hrips/yii/framework/web/CBaseController.php(126): require('/var/www/html/h...')
#6 /var/www/html/hrips/yii/framework/web/CBaseController.php(95): CBaseController->renderInternal('/var/www/html/h...', Array, true)
#7 /var/www/html/hrips/yii/framework/web/CController.php(869): CBaseController->renderFile('/var/www/html/h...', Array, true)
#8 /var/www/html/hrips/protected/views/empAppraisals/create.php(18): CController->renderPartial('_form', Array)
#9 /var/www/html/hrips/yii/framework/web/CBaseController.php(126): require('/var/www/html/h...')
#10 /var/www/html/hrips/yii/framework/web/CBaseController.php(95): CBaseController->renderInternal('/var/www/html/h...', Array, true)
#11 /var/www/html/hrips/yii/framework/web/CController.php(869): CBaseController->renderFile('/var/www/html/h...', Array, true)
#12 /var/www/html/hrips/yii/framework/web/CController.php(782): CController->renderPartial('create', Array, true)
#13 /var/www/html/hrips/protected/controllers/EmpAppraisalsController.php(106): CController->render('create', Array)
#14 /var/www/html/hrips/yii/framework/web/actions/CInlineAction.php(49): EmpAppraisalsController->actionCreate()
#15 /var/www/html/hrips/yii/framework/web/CController.php(308): CInlineAction->runWithParams(Array)
#16 /var/www/html/hrips/yii/framework/web/filters/CFilterChain.php(133): CController->runAction(Object(CInlineAction))
#17 /var/www/html/hrips/yii/framework/web/filters/CFilter.php(40): CFilterChain->run()
#18 /var/www/html/hrips/yii/framework/web/CController.php(1145): CFilter->filter(Object(CFilterChain))
#19 /var/www/html/hrips/yii/framework/web/filters/CInlineFilter.php(58): CController->filterAccessControl(Object(CFilterChain))
#20 /var/www/html/hrips/yii/framework/web/filters/CFilterChain.php(130): CInlineFilter->filter(Object(CFilterChain))
#21 /var/www/html/hrips/yii/framework/web/CController.php(291): CFilterChain->run()
#22 /var/www/html/hrips/yii/framework/web/CController.php(265): CController->runActionWithFilters(Object(CInlineAction), Array)
#23 /var/www/html/hrips/yii/framework/web/CWebApplication.php(282): CController->run('create')
#24 /var/www/html/hrips/yii/framework/web/CWebApplication.php(141): CWebApplication->runController('empAppraisals/c...')
#25 /var/www/html/hrips/yii/framework/base/CApplication.php(169): CWebApplication->processRequest()
#26 /var/www/html/hrips/index.php(14): CApplication->run()
#27 {main}
REQUEST_URI=/hrips/index.php/empAppraisals/create
---
2014/09/19 13:08:24 [error] [exception.CException] exception 'CException' with message 'Property "EmpAppraisals.Position" is not defined.' in /var/www/html/hrips/yii/framework/base/CComponent.php:130
Stack trace:
#0 /var/www/html/hrips/yii/framework/db/ar/CActiveRecord.php(143): CComponent->__get('Position')
#1 /var/www/html/hrips/yii/framework/web/helpers/CHtml.php(2255): CActiveRecord->__get('Position')
#2 /var/www/html/hrips/yii/framework/web/helpers/CHtml.php(1565): CHtml::resolveValue(Object(EmpAppraisals), 'Position')
#3 /var/www/html/hrips/yii/framework/web/widgets/CActiveForm.php(763): CHtml::activeDropDownList(Object(EmpAppraisals), 'Position', Array, Array)
#4 /var/www/html/hrips/protected/views/empAppraisals/_form.php(80): CActiveForm->dropDownList(Object(EmpAppraisals), 'Position', Array, Array)
#5 /var/www/html/hrips/yii/framework/web/CBaseController.php(126): require('/var/www/html/h...')
#6 /var/www/html/hrips/yii/framework/web/CBaseController.php(95): CBaseController->renderInternal('/var/www/html/h...', Array, true)
#7 /var/www/html/hrips/yii/framework/web/CController.php(869): CBaseController->renderFile('/var/www/html/h...', Array, true)
#8 /var/www/html/hrips/protected/views/empAppraisals/create.php(18): CController->renderPartial('_form', Array)
#9 /var/www/html/hrips/yii/framework/web/CBaseController.php(126): require('/var/www/html/h...')
#10 /var/www/html/hrips/yii/framework/web/CBaseController.php(95): CBaseController->renderInternal('/var/www/html/h...', Array, true)
#11 /var/www/html/hrips/yii/framework/web/CController.php(869): CBaseController->renderFile('/var/www/html/h...', Array, true)
#12 /var/www/html/hrips/yii/framework/web/CController.php(782): CController->renderPartial('create', Array, true)
#13 /var/www/html/hrips/protected/controllers/EmpAppraisalsController.php(106): CController->render('create', Array)
#14 /var/www/html/hrips/yii/framework/web/actions/CInlineAction.php(49): EmpAppraisalsController->actionCreate()
#15 /var/www/html/hrips/yii/framework/web/CController.php(308): CInlineAction->runWithParams(Array)
#16 /var/www/html/hrips/yii/framework/web/filters/CFilterChain.php(133): CController->runAction(Object(CInlineAction))
#17 /var/www/html/hrips/yii/framework/web/filters/CFilter.php(40): CFilterChain->run()
#18 /var/www/html/hrips/yii/framework/web/CController.php(1145): CFilter->filter(Object(CFilterChain))
#19 /var/www/html/hrips/yii/framework/web/filters/CInlineFilter.php(58): CController->filterAccessControl(Object(CFilterChain))
#20 /var/www/html/hrips/yii/framework/web/filters/CFilterChain.php(130): CInlineFilter->filter(Object(CFilterChain))
#21 /var/www/html/hrips/yii/framework/web/CController.php(291): CFilterChain->run()
#22 /var/www/html/hrips/yii/framework/web/CController.php(265): CController->runActionWithFilters(Object(CInlineAction), Array)
#23 /var/www/html/hrips/yii/framework/web/CWebApplication.php(282): CController->run('create')
#24 /var/www/html/hrips/yii/framework/web/CWebApplication.php(141): CWebApplication->runController('empAppraisals/c...')
#25 /var/www/html/hrips/yii/framework/base/CApplication.php(169): CWebApplication->processRequest()
#26 /var/www/html/hrips/index.php(14): CApplication->run()
#27 {main}
REQUEST_URI=/hrips/index.php/empAppraisals/create
---
2014/09/19 13:17:23 [error] [exception.CException] exception 'CException' with message 'Property "EmpAppraisals.Position" is not defined.' in /var/www/html/hrips/yii/framework/base/CComponent.php:130
Stack trace:
#0 /var/www/html/hrips/yii/framework/db/ar/CActiveRecord.php(143): CComponent->__get('Position')
#1 /var/www/html/hrips/yii/framework/web/helpers/CHtml.php(2255): CActiveRecord->__get('Position')
#2 /var/www/html/hrips/yii/framework/web/helpers/CHtml.php(1565): CHtml::resolveValue(Object(EmpAppraisals), 'Position')
#3 /var/www/html/hrips/yii/framework/web/widgets/CActiveForm.php(763): CHtml::activeDropDownList(Object(EmpAppraisals), 'Position', Array, Array)
#4 /var/www/html/hrips/protected/views/empAppraisals/_form.php(80): CActiveForm->dropDownList(Object(EmpAppraisals), 'Position', Array, Array)
#5 /var/www/html/hrips/yii/framework/web/CBaseController.php(126): require('/var/www/html/h...')
#6 /var/www/html/hrips/yii/framework/web/CBaseController.php(95): CBaseController->renderInternal('/var/www/html/h...', Array, true)
#7 /var/www/html/hrips/yii/framework/web/CController.php(869): CBaseController->renderFile('/var/www/html/h...', Array, true)
#8 /var/www/html/hrips/protected/views/empAppraisals/create.php(18): CController->renderPartial('_form', Array)
#9 /var/www/html/hrips/yii/framework/web/CBaseController.php(126): require('/var/www/html/h...')
#10 /var/www/html/hrips/yii/framework/web/CBaseController.php(95): CBaseController->renderInternal('/var/www/html/h...', Array, true)
#11 /var/www/html/hrips/yii/framework/web/CController.php(869): CBaseController->renderFile('/var/www/html/h...', Array, true)
#12 /var/www/html/hrips/yii/framework/web/CController.php(782): CController->renderPartial('create', Array, true)
#13 /var/www/html/hrips/protected/controllers/EmpAppraisalsController.php(106): CController->render('create', Array)
#14 /var/www/html/hrips/yii/framework/web/actions/CInlineAction.php(49): EmpAppraisalsController->actionCreate()
#15 /var/www/html/hrips/yii/framework/web/CController.php(308): CInlineAction->runWithParams(Array)
#16 /var/www/html/hrips/yii/framework/web/filters/CFilterChain.php(133): CController->runAction(Object(CInlineAction))
#17 /var/www/html/hrips/yii/framework/web/filters/CFilter.php(40): CFilterChain->run()
#18 /var/www/html/hrips/yii/framework/web/CController.php(1145): CFilter->filter(Object(CFilterChain))
#19 /var/www/html/hrips/yii/framework/web/filters/CInlineFilter.php(58): CController->filterAccessControl(Object(CFilterChain))
#20 /var/www/html/hrips/yii/framework/web/filters/CFilterChain.php(130): CInlineFilter->filter(Object(CFilterChain))
#21 /var/www/html/hrips/yii/framework/web/CController.php(291): CFilterChain->run()
#22 /var/www/html/hrips/yii/framework/web/CController.php(265): CController->runActionWithFilters(Object(CInlineAction), Array)
#23 /var/www/html/hrips/yii/framework/web/CWebApplication.php(282): CController->run('create')
#24 /var/www/html/hrips/yii/framework/web/CWebApplication.php(141): CWebApplication->runController('empAppraisals/c...')
#25 /var/www/html/hrips/yii/framework/base/CApplication.php(169): CWebApplication->processRequest()
#26 /var/www/html/hrips/index.php(14): CApplication->run()
#27 {main}
REQUEST_URI=/hrips/index.php/empAppraisals/create
---
2014/09/19 13:39:55 [error] [php] Use of undefined constant getEmployeePosition - assumed 'getEmployeePosition' (/var/www/html/hrips/protected/views/empAppraisals/_form.php:80)
Stack trace:
#0 /var/www/html/hrips/yii/framework/web/CController.php(869): EmpAppraisalsController->renderFile()
#1 /var/www/html/hrips/protected/views/empAppraisals/create.php(18): EmpAppraisalsController->renderPartial()
#2 /var/www/html/hrips/yii/framework/web/CBaseController.php(126): require()
#3 /var/www/html/hrips/yii/framework/web/CBaseController.php(95): EmpAppraisalsController->renderInternal()
#4 /var/www/html/hrips/yii/framework/web/CController.php(869): EmpAppraisalsController->renderFile()
#5 /var/www/html/hrips/yii/framework/web/CController.php(782): EmpAppraisalsController->renderPartial()
#6 /var/www/html/hrips/protected/controllers/EmpAppraisalsController.php(106): EmpAppraisalsController->render()
#7 /var/www/html/hrips/yii/framework/web/actions/CInlineAction.php(49): EmpAppraisalsController->actionCreate()
#8 /var/www/html/hrips/yii/framework/web/CController.php(308): CInlineAction->runWithParams()
#9 /var/www/html/hrips/yii/framework/web/filters/CFilterChain.php(133): EmpAppraisalsController->runAction()
#10 /var/www/html/hrips/yii/framework/web/filters/CFilter.php(40): CFilterChain->run()
#11 /var/www/html/hrips/yii/framework/web/CController.php(1145): CAccessControlFilter->filter()
#12 /var/www/html/hrips/yii/framework/web/filters/CInlineFilter.php(58): EmpAppraisalsController->filterAccessControl()
#13 /var/www/html/hrips/yii/framework/web/filters/CFilterChain.php(130): CInlineFilter->filter()
#14 /var/www/html/hrips/yii/framework/web/CController.php(291): CFilterChain->run()
#15 /var/www/html/hrips/yii/framework/web/CController.php(265): EmpAppraisalsController->runActionWithFilters()
#16 /var/www/html/hrips/yii/framework/web/CWebApplication.php(282): EmpAppraisalsController->run()
#17 /var/www/html/hrips/yii/framework/web/CWebApplication.php(141): CWebApplication->runController()
#18 /var/www/html/hrips/yii/framework/base/CApplication.php(169): CWebApplication->processRequest()
#19 /var/www/html/hrips/index.php(14): CWebApplication->run()
REQUEST_URI=/hrips/index.php/empAppraisals/create
in /var/www/html/hrips/protected/views/empAppraisals/_form.php (80)
2014/09/19 13:40:32 [error] [exception.CException] exception 'CException' with message 'Property "EmpAppraisals.xPosition" is not defined.' in /var/www/html/hrips/yii/framework/base/CComponent.php:130
Stack trace:
#0 /var/www/html/hrips/yii/framework/db/ar/CActiveRecord.php(143): CComponent->__get('xPosition')
#1 /var/www/html/hrips/yii/framework/web/helpers/CHtml.php(2255): CActiveRecord->__get('xPosition')
#2 /var/www/html/hrips/yii/framework/web/helpers/CHtml.php(1565): CHtml::resolveValue(Object(EmpAppraisals), 'xPosition')
#3 /var/www/html/hrips/yii/framework/web/widgets/CActiveForm.php(763): CHtml::activeDropDownList(Object(EmpAppraisals), 'xPosition', Array, Array)
#4 /var/www/html/hrips/protected/views/empAppraisals/_form.php(80): CActiveForm->dropDownList(Object(EmpAppraisals), 'xPosition', Array, Array)
#5 /var/www/html/hrips/yii/framework/web/CBaseController.php(126): require('/var/www/html/h...')
#6 /var/www/html/hrips/yii/framework/web/CBaseController.php(95): CBaseController->renderInternal('/var/www/html/h...', Array, true)
#7 /var/www/html/hrips/yii/framework/web/CController.php(869): CBaseController->renderFile('/var/www/html/h...', Array, true)
#8 /var/www/html/hrips/protected/views/empAppraisals/create.php(18): CController->renderPartial('_form', Array)
#9 /var/www/html/hrips/yii/framework/web/CBaseController.php(126): require('/var/www/html/h...')
#10 /var/www/html/hrips/yii/framework/web/CBaseController.php(95): CBaseController->renderInternal('/var/www/html/h...', Array, true)
#11 /var/www/html/hrips/yii/framework/web/CController.php(869): CBaseController->renderFile('/var/www/html/h...', Array, true)
#12 /var/www/html/hrips/yii/framework/web/CController.php(782): CController->renderPartial('create', Array, true)
#13 /var/www/html/hrips/protected/controllers/EmpAppraisalsController.php(106): CController->render('create', Array)
#14 /var/www/html/hrips/yii/framework/web/actions/CInlineAction.php(49): EmpAppraisalsController->actionCreate()
#15 /var/www/html/hrips/yii/framework/web/CController.php(308): CInlineAction->runWithParams(Array)
#16 /var/www/html/hrips/yii/framework/web/filters/CFilterChain.php(133): CController->runAction(Object(CInlineAction))
#17 /var/www/html/hrips/yii/framework/web/filters/CFilter.php(40): CFilterChain->run()
#18 /var/www/html/hrips/yii/framework/web/CController.php(1145): CFilter->filter(Object(CFilterChain))
#19 /var/www/html/hrips/yii/framework/web/filters/CInlineFilter.php(58): CController->filterAccessControl(Object(CFilterChain))
#20 /var/www/html/hrips/yii/framework/web/filters/CFilterChain.php(130): CInlineFilter->filter(Object(CFilterChain))
#21 /var/www/html/hrips/yii/framework/web/CController.php(291): CFilterChain->run()
#22 /var/www/html/hrips/yii/framework/web/CController.php(265): CController->runActionWithFilters(Object(CInlineAction), Array)
#23 /var/www/html/hrips/yii/framework/web/CWebApplication.php(282): CController->run('create')
#24 /var/www/html/hrips/yii/framework/web/CWebApplication.php(141): CWebApplication->runController('empAppraisals/c...')
#25 /var/www/html/hrips/yii/framework/base/CApplication.php(169): CWebApplication->processRequest()
#26 /var/www/html/hrips/index.php(14): CApplication->run()
#27 {main}
REQUEST_URI=/hrips/index.php/empAppraisals/create
---
2014/09/19 13:44:41 [error] [exception.CException] exception 'CException' with message 'Property "EmpAppraisals.Position" is not defined.' in /var/www/html/hrips/yii/framework/base/CComponent.php:130
Stack trace:
#0 /var/www/html/hrips/yii/framework/db/ar/CActiveRecord.php(143): CComponent->__get('Position')
#1 /var/www/html/hrips/yii/framework/web/helpers/CHtml.php(2255): CActiveRecord->__get('Position')
#2 /var/www/html/hrips/yii/framework/web/helpers/CHtml.php(1565): CHtml::resolveValue(Object(EmpAppraisals), 'Position')
#3 /var/www/html/hrips/yii/framework/web/widgets/CActiveForm.php(763): CHtml::activeDropDownList(Object(EmpAppraisals), 'Position', Array, Array)
#4 /var/www/html/hrips/protected/views/empAppraisals/_form.php(80): CActiveForm->dropDownList(Object(EmpAppraisals), 'Position', Array, Array)
#5 /var/www/html/hrips/yii/framework/web/CBaseController.php(126): require('/var/www/html/h...')
#6 /var/www/html/hrips/yii/framework/web/CBaseController.php(95): CBaseController->renderInternal('/var/www/html/h...', Array, true)
#7 /var/www/html/hrips/yii/framework/web/CController.php(869): CBaseController->renderFile('/var/www/html/h...', Array, true)
#8 /var/www/html/hrips/protected/views/empAppraisals/create.php(18): CController->renderPartial('_form', Array)
#9 /var/www/html/hrips/yii/framework/web/CBaseController.php(126): require('/var/www/html/h...')
#10 /var/www/html/hrips/yii/framework/web/CBaseController.php(95): CBaseController->renderInternal('/var/www/html/h...', Array, true)
#11 /var/www/html/hrips/yii/framework/web/CController.php(869): CBaseController->renderFile('/var/www/html/h...', Array, true)
#12 /var/www/html/hrips/yii/framework/web/CController.php(782): CController->renderPartial('create', Array, true)
#13 /var/www/html/hrips/protected/controllers/EmpAppraisalsController.php(106): CController->render('create', Array)
#14 /var/www/html/hrips/yii/framework/web/actions/CInlineAction.php(49): EmpAppraisalsController->actionCreate()
#15 /var/www/html/hrips/yii/framework/web/CController.php(308): CInlineAction->runWithParams(Array)
#16 /var/www/html/hrips/yii/framework/web/filters/CFilterChain.php(133): CController->runAction(Object(CInlineAction))
#17 /var/www/html/hrips/yii/framework/web/filters/CFilter.php(40): CFilterChain->run()
#18 /var/www/html/hrips/yii/framework/web/CController.php(1145): CFilter->filter(Object(CFilterChain))
#19 /var/www/html/hrips/yii/framework/web/filters/CInlineFilter.php(58): CController->filterAccessControl(Object(CFilterChain))
#20 /var/www/html/hrips/yii/framework/web/filters/CFilterChain.php(130): CInlineFilter->filter(Object(CFilterChain))
#21 /var/www/html/hrips/yii/framework/web/CController.php(291): CFilterChain->run()
#22 /var/www/html/hrips/yii/framework/web/CController.php(265): CController->runActionWithFilters(Object(CInlineAction), Array)
#23 /var/www/html/hrips/yii/framework/web/CWebApplication.php(282): CController->run('create')
#24 /var/www/html/hrips/yii/framework/web/CWebApplication.php(141): CWebApplication->runController('empAppraisals/c...')
#25 /var/www/html/hrips/yii/framework/base/CApplication.php(169): CWebApplication->processRequest()
#26 /var/www/html/hrips/index.php(14): CApplication->run()
#27 {main}
REQUEST_URI=/hrips/index.php/empAppraisals/create
---
2014/09/19 14:25:26 [error] [php] Missing argument 2 for CHtml::listData(), called in /var/www/html/hrips/protected/views/empAppraisals/_form.php on line 80 and defined (/var/www/html/hrips/yii/framework/web/helpers/CHtml.php:1836)
Stack trace:
#0 /var/www/html/hrips/yii/framework/web/CBaseController.php(95): EmpAppraisalsController->renderInternal()
#1 /var/www/html/hrips/yii/framework/web/CController.php(869): EmpAppraisalsController->renderFile()
#2 /var/www/html/hrips/protected/views/empAppraisals/create.php(18): EmpAppraisalsController->renderPartial()
#3 /var/www/html/hrips/yii/framework/web/CBaseController.php(126): require()
#4 /var/www/html/hrips/yii/framework/web/CBaseController.php(95): EmpAppraisalsController->renderInternal()
#5 /var/www/html/hrips/yii/framework/web/CController.php(869): EmpAppraisalsController->renderFile()
#6 /var/www/html/hrips/yii/framework/web/CController.php(782): EmpAppraisalsController->renderPartial()
#7 /var/www/html/hrips/protected/controllers/EmpAppraisalsController.php(106): EmpAppraisalsController->render()
#8 /var/www/html/hrips/yii/framework/web/actions/CInlineAction.php(49): EmpAppraisalsController->actionCreate()
#9 /var/www/html/hrips/yii/framework/web/CController.php(308): CInlineAction->runWithParams()
#10 /var/www/html/hrips/yii/framework/web/filters/CFilterChain.php(133): EmpAppraisalsController->runAction()
#11 /var/www/html/hrips/yii/framework/web/filters/CFilter.php(40): CFilterChain->run()
#12 /var/www/html/hrips/yii/framework/web/CController.php(1145): CAccessControlFilter->filter()
#13 /var/www/html/hrips/yii/framework/web/filters/CInlineFilter.php(58): EmpAppraisalsController->filterAccessControl()
#14 /var/www/html/hrips/yii/framework/web/filters/CFilterChain.php(130): CInlineFilter->filter()
#15 /var/www/html/hrips/yii/framework/web/CController.php(291): CFilterChain->run()
#16 /var/www/html/hrips/yii/framework/web/CController.php(265): EmpAppraisalsController->runActionWithFilters()
#17 /var/www/html/hrips/yii/framework/web/CWebApplication.php(282): EmpAppraisalsController->run()
#18 /var/www/html/hrips/yii/framework/web/CWebApplication.php(141): CWebApplication->runController()
#19 /var/www/html/hrips/yii/framework/base/CApplication.php(169): CWebApplication->processRequest()
#20 /var/www/html/hrips/index.php(14): CWebApplication->run()
REQUEST_URI=/hrips/index.php/empAppraisals/create
in /var/www/html/hrips/protected/views/empAppraisals/_form.php (80)
2014/09/19 14:25:59 [error] [php] Missing argument 3 for CHtml::listData(), called in /var/www/html/hrips/protected/views/empAppraisals/_form.php on line 80 and defined (/var/www/html/hrips/yii/framework/web/helpers/CHtml.php:1836)
Stack trace:
#0 /var/www/html/hrips/yii/framework/web/CBaseController.php(95): EmpAppraisalsController->renderInternal()
#1 /var/www/html/hrips/yii/framework/web/CController.php(869): EmpAppraisalsController->renderFile()
#2 /var/www/html/hrips/protected/views/empAppraisals/create.php(18): EmpAppraisalsController->renderPartial()
#3 /var/www/html/hrips/yii/framework/web/CBaseController.php(126): require()
#4 /var/www/html/hrips/yii/framework/web/CBaseController.php(95): EmpAppraisalsController->renderInternal()
#5 /var/www/html/hrips/yii/framework/web/CController.php(869): EmpAppraisalsController->renderFile()
#6 /var/www/html/hrips/yii/framework/web/CController.php(782): EmpAppraisalsController->renderPartial()
#7 /var/www/html/hrips/protected/controllers/EmpAppraisalsController.php(106): EmpAppraisalsController->render()
#8 /var/www/html/hrips/yii/framework/web/actions/CInlineAction.php(49): EmpAppraisalsController->actionCreate()
#9 /var/www/html/hrips/yii/framework/web/CController.php(308): CInlineAction->runWithParams()
#10 /var/www/html/hrips/yii/framework/web/filters/CFilterChain.php(133): EmpAppraisalsController->runAction()
#11 /var/www/html/hrips/yii/framework/web/filters/CFilter.php(40): CFilterChain->run()
#12 /var/www/html/hrips/yii/framework/web/CController.php(1145): CAccessControlFilter->filter()
#13 /var/www/html/hrips/yii/framework/web/filters/CInlineFilter.php(58): EmpAppraisalsController->filterAccessControl()
#14 /var/www/html/hrips/yii/framework/web/filters/CFilterChain.php(130): CInlineFilter->filter()
#15 /var/www/html/hrips/yii/framework/web/CController.php(291): CFilterChain->run()
#16 /var/www/html/hrips/yii/framework/web/CController.php(265): EmpAppraisalsController->runActionWithFilters()
#17 /var/www/html/hrips/yii/framework/web/CWebApplication.php(282): EmpAppraisalsController->run()
#18 /var/www/html/hrips/yii/framework/web/CWebApplication.php(141): CWebApplication->runController()
#19 /var/www/html/hrips/yii/framework/base/CApplication.php(169): CWebApplication->processRequest()
#20 /var/www/html/hrips/index.php(14): CWebApplication->run()
REQUEST_URI=/hrips/index.php/empAppraisals/create
in /var/www/html/hrips/protected/views/empAppraisals/_form.php (80)
2014/09/22 00:04:35 [error] [php] Trying to get property of non-object (/var/www/html/hrips/yii/framework/base/CComponent.php(606) : eval()'d code:1)
Stack trace:
#0 /var/www/html/hrips/yii/framework/zii/widgets/grid/CGridColumn.php(144): CDataColumn->renderDataCellContent()
#1 /var/www/html/hrips/yii/framework/zii/widgets/grid/CGridView.php(589): CDataColumn->renderDataCell()
#2 /var/www/html/hrips/yii/framework/zii/widgets/grid/CGridView.php(545): CGridView->renderTableRow()
#3 /var/www/html/hrips/yii/framework/zii/widgets/grid/CGridView.php(455): CGridView->renderTableBody()
#4 /var/www/html/hrips/yii/framework/zii/widgets/CBaseListView.php(160): CGridView->renderItems()
#5 unknown(0): CGridView->renderSection()
#6 /var/www/html/hrips/yii/framework/zii/widgets/CBaseListView.php(143): preg_replace_callback()
#7 /var/www/html/hrips/yii/framework/zii/widgets/CBaseListView.php(128): CGridView->renderContent()
#8 /var/www/html/hrips/yii/framework/web/CBaseController.php(173): CGridView->run()
#9 /var/www/html/hrips/protected/views/empAppraisals/admin.php(110): EmpAppraisalsController->widget()
#10 /var/www/html/hrips/yii/framework/web/CBaseController.php(126): require()
#11 /var/www/html/hrips/yii/framework/web/CBaseController.php(95): EmpAppraisalsController->renderInternal()
#12 /var/www/html/hrips/yii/framework/web/CController.php(869): EmpAppraisalsController->renderFile()
#13 /var/www/html/hrips/yii/framework/web/CController.php(782): EmpAppraisalsController->renderPartial()
#14 /var/www/html/hrips/protected/controllers/EmpAppraisalsController.php(184): EmpAppraisalsController->render()
#15 /var/www/html/hrips/yii/framework/web/actions/CInlineAction.php(49): EmpAppraisalsController->actionAdmin()
#16 /var/www/html/hrips/yii/framework/web/CController.php(308): CInlineAction->runWithParams()
#17 /var/www/html/hrips/yii/framework/web/filters/CFilterChain.php(133): EmpAppraisalsController->runAction()
#18 /var/www/html/hrips/yii/framework/web/filters/CFilter.php(40): CFilterChain->run()
#19 /var/www/html/hrips/yii/framework/web/CController.php(1145): CAccessControlFilter->filter()
#20 /var/www/html/hrips/yii/framework/web/filters/CInlineFilter.php(58): EmpAppraisalsController->filterAccessControl()
#21 /var/www/html/hrips/yii/framework/web/filters/CFilterChain.php(130): CInlineFilter->filter()
#22 /var/www/html/hrips/yii/framework/web/CController.php(291): CFilterChain->run()
#23 /var/www/html/hrips/yii/framework/web/CController.php(265): EmpAppraisalsController->runActionWithFilters()
#24 /var/www/html/hrips/yii/framework/web/CWebApplication.php(282): EmpAppraisalsController->run()
#25 /var/www/html/hrips/yii/framework/web/CWebApplication.php(141): CWebApplication->runController()
#26 /var/www/html/hrips/yii/framework/base/CApplication.php(169): CWebApplication->processRequest()
#27 /var/www/html/hrips/index.php(14): CWebApplication->run()
REQUEST_URI=/hrips/index.php/empAppraisals/admin
in /var/www/html/hrips/protected/views/empAppraisals/admin.php (110)
2014/09/22 00:09:00 [error] [php] Trying to get property of non-object (/var/www/html/hrips/yii/framework/base/CComponent.php(606) : eval()'d code:1)
Stack trace:
#0 /var/www/html/hrips/yii/framework/zii/widgets/grid/CGridColumn.php(144): CDataColumn->renderDataCellContent()
#1 /var/www/html/hrips/yii/framework/zii/widgets/grid/CGridView.php(589): CDataColumn->renderDataCell()
#2 /var/www/html/hrips/yii/framework/zii/widgets/grid/CGridView.php(545): CGridView->renderTableRow()
#3 /var/www/html/hrips/yii/framework/zii/widgets/grid/CGridView.php(455): CGridView->renderTableBody()
#4 /var/www/html/hrips/yii/framework/zii/widgets/CBaseListView.php(160): CGridView->renderItems()
#5 unknown(0): CGridView->renderSection()
#6 /var/www/html/hrips/yii/framework/zii/widgets/CBaseListView.php(143): preg_replace_callback()
#7 /var/www/html/hrips/yii/framework/zii/widgets/CBaseListView.php(128): CGridView->renderContent()
#8 /var/www/html/hrips/yii/framework/web/CBaseController.php(173): CGridView->run()
#9 /var/www/html/hrips/protected/views/empAppraisals/admin.php(110): EmpAppraisalsController->widget()
#10 /var/www/html/hrips/yii/framework/web/CBaseController.php(126): require()
#11 /var/www/html/hrips/yii/framework/web/CBaseController.php(95): EmpAppraisalsController->renderInternal()
#12 /var/www/html/hrips/yii/framework/web/CController.php(869): EmpAppraisalsController->renderFile()
#13 /var/www/html/hrips/yii/framework/web/CController.php(782): EmpAppraisalsController->renderPartial()
#14 /var/www/html/hrips/protected/controllers/EmpAppraisalsController.php(184): EmpAppraisalsController->render()
#15 /var/www/html/hrips/yii/framework/web/actions/CInlineAction.php(49): EmpAppraisalsController->actionAdmin()
#16 /var/www/html/hrips/yii/framework/web/CController.php(308): CInlineAction->runWithParams()
#17 /var/www/html/hrips/yii/framework/web/filters/CFilterChain.php(133): EmpAppraisalsController->runAction()
#18 /var/www/html/hrips/yii/framework/web/filters/CFilter.php(40): CFilterChain->run()
#19 /var/www/html/hrips/yii/framework/web/CController.php(1145): CAccessControlFilter->filter()
#20 /var/www/html/hrips/yii/framework/web/filters/CInlineFilter.php(58): EmpAppraisalsController->filterAccessControl()
#21 /var/www/html/hrips/yii/framework/web/filters/CFilterChain.php(130): CInlineFilter->filter()
#22 /var/www/html/hrips/yii/framework/web/CController.php(291): CFilterChain->run()
#23 /var/www/html/hrips/yii/framework/web/CController.php(265): EmpAppraisalsController->runActionWithFilters()
#24 /var/www/html/hrips/yii/framework/web/CWebApplication.php(282): EmpAppraisalsController->run()
#25 /var/www/html/hrips/yii/framework/web/CWebApplication.php(141): CWebApplication->runController()
#26 /var/www/html/hrips/yii/framework/base/CApplication.php(169): CWebApplication->processRequest()
#27 /var/www/html/hrips/index.php(14): CWebApplication->run()
REQUEST_URI=/hrips/index.php/EmpAppraisals/admin
in /var/www/html/hrips/protected/views/empAppraisals/admin.php (110)
2014/09/22 00:10:01 [error] [php] Trying to get property of non-object (/var/www/html/hrips/yii/framework/base/CComponent.php(606) : eval()'d code:1)
Stack trace:
#0 /var/www/html/hrips/yii/framework/zii/widgets/grid/CGridColumn.php(144): CDataColumn->renderDataCellContent()
#1 /var/www/html/hrips/yii/framework/zii/widgets/grid/CGridView.php(589): CDataColumn->renderDataCell()
#2 /var/www/html/hrips/yii/framework/zii/widgets/grid/CGridView.php(545): CGridView->renderTableRow()
#3 /var/www/html/hrips/yii/framework/zii/widgets/grid/CGridView.php(455): CGridView->renderTableBody()
#4 /var/www/html/hrips/yii/framework/zii/widgets/CBaseListView.php(160): CGridView->renderItems()
#5 unknown(0): CGridView->renderSection()
#6 /var/www/html/hrips/yii/framework/zii/widgets/CBaseListView.php(143): preg_replace_callback()
#7 /var/www/html/hrips/yii/framework/zii/widgets/CBaseListView.php(128): CGridView->renderContent()
#8 /var/www/html/hrips/yii/framework/web/CBaseController.php(173): CGridView->run()
#9 /var/www/html/hrips/protected/views/empAppraisals/admin.php(110): EmpAppraisalsController->widget()
#10 /var/www/html/hrips/yii/framework/web/CBaseController.php(126): require()
#11 /var/www/html/hrips/yii/framework/web/CBaseController.php(95): EmpAppraisalsController->renderInternal()
#12 /var/www/html/hrips/yii/framework/web/CController.php(869): EmpAppraisalsController->renderFile()
#13 /var/www/html/hrips/yii/framework/web/CController.php(782): EmpAppraisalsController->renderPartial()
#14 /var/www/html/hrips/protected/controllers/EmpAppraisalsController.php(184): EmpAppraisalsController->render()
#15 /var/www/html/hrips/yii/framework/web/actions/CInlineAction.php(49): EmpAppraisalsController->actionAdmin()
#16 /var/www/html/hrips/yii/framework/web/CController.php(308): CInlineAction->runWithParams()
#17 /var/www/html/hrips/yii/framework/web/filters/CFilterChain.php(133): EmpAppraisalsController->runAction()
#18 /var/www/html/hrips/yii/framework/web/filters/CFilter.php(40): CFilterChain->run()
#19 /var/www/html/hrips/yii/framework/web/CController.php(1145): CAccessControlFilter->filter()
#20 /var/www/html/hrips/yii/framework/web/filters/CInlineFilter.php(58): EmpAppraisalsController->filterAccessControl()
#21 /var/www/html/hrips/yii/framework/web/filters/CFilterChain.php(130): CInlineFilter->filter()
#22 /var/www/html/hrips/yii/framework/web/CController.php(291): CFilterChain->run()
#23 /var/www/html/hrips/yii/framework/web/CController.php(265): EmpAppraisalsController->runActionWithFilters()
#24 /var/www/html/hrips/yii/framework/web/CWebApplication.php(282): EmpAppraisalsController->run()
#25 /var/www/html/hrips/yii/framework/web/CWebApplication.php(141): CWebApplication->runController()
#26 /var/www/html/hrips/yii/framework/base/CApplication.php(169): CWebApplication->processRequest()
#27 /var/www/html/hrips/index.php(14): CWebApplication->run()
REQUEST_URI=/hrips/index.php/EmpAppraisals/admin
in /var/www/html/hrips/protected/views/empAppraisals/admin.php (110)
2014/09/22 08:07:57 [error] [exception.CException] exception 'CException' with message 'EmpAppraisals and its behaviors do not have a method or closure named "searchPrint".' in /var/www/html/hrips/yii/framework/base/CComponent.php:265
Stack trace:
#0 /var/www/html/hrips/yii/framework/db/ar/CActiveRecord.php(225): CComponent->__call('searchPrint', Array)
#1 /var/www/html/hrips/protected/views/empAppraisals/printme.php(20): CActiveRecord->__call('searchPrint', Array)
#2 /var/www/html/hrips/protected/views/empAppraisals/printme.php(20): EmpAppraisals->searchPrint()
#3 /var/www/html/hrips/yii/framework/web/CBaseController.php(126): require('/var/www/html/h...')
#4 /var/www/html/hrips/yii/framework/web/CBaseController.php(95): CBaseController->renderInternal('/var/www/html/h...', Array, true)
#5 /var/www/html/hrips/yii/framework/web/CController.php(869): CBaseController->renderFile('/var/www/html/h...', Array, true)
#6 /var/www/html/hrips/yii/framework/web/CController.php(782): CController->renderPartial('printme', Array, true)
#7 /var/www/html/hrips/protected/controllers/EmpAppraisalsController.php(59): CController->render('printme', Array)
#8 /var/www/html/hrips/yii/framework/web/actions/CInlineAction.php(49): EmpAppraisalsController->actionForprint()
#9 /var/www/html/hrips/yii/framework/web/CController.php(308): CInlineAction->runWithParams(Array)
#10 /var/www/html/hrips/yii/framework/web/filters/CFilterChain.php(133): CController->runAction(Object(CInlineAction))
#11 /var/www/html/hrips/yii/framework/web/filters/CFilter.php(40): CFilterChain->run()
#12 /var/www/html/hrips/yii/framework/web/CController.php(1145): CFilter->filter(Object(CFilterChain))
#13 /var/www/html/hrips/yii/framework/web/filters/CInlineFilter.php(58): CController->filterAccessControl(Object(CFilterChain))
#14 /var/www/html/hrips/yii/framework/web/filters/CFilterChain.php(130): CInlineFilter->filter(Object(CFilterChain))
#15 /var/www/html/hrips/yii/framework/web/CController.php(291): CFilterChain->run()
#16 /var/www/html/hrips/yii/framework/web/CController.php(265): CController->runActionWithFilters(Object(CInlineAction), Array)
#17 /var/www/html/hrips/yii/framework/web/CWebApplication.php(282): CController->run('forprint')
#18 /var/www/html/hrips/yii/framework/web/CWebApplication.php(141): CWebApplication->runController('empAppraisals/f...')
#19 /var/www/html/hrips/yii/framework/base/CApplication.php(169): CWebApplication->processRequest()
#20 /var/www/html/hrips/index.php(14): CApplication->run()
#21 {main}
REQUEST_URI=/hrips/index.php/empAppraisals/forprint/?EmpAppraisals%5Bid%5D=&EmpAppraisals%5BempId%5D=&EmpAppraisals%5BRaiseType%5D=&EmpAppraisals%5Beffectdate%5D=
HTTP_REFERER=http://192.168.1.231/hrips/index.php/site/login
---
2014/09/22 08:09:43 [error] [exception.CException] exception 'CException' with message 'Property "EmpAppraisals.ID" is not defined.' in /var/www/html/hrips/yii/framework/base/CComponent.php:130
Stack trace:
#0 /var/www/html/hrips/yii/framework/db/ar/CActiveRecord.php(143): CComponent->__get('ID')
#1 /var/www/html/hrips/protected/views/empAppraisals/printme.php(48): CActiveRecord->__get('ID')
#2 /var/www/html/hrips/yii/framework/web/CBaseController.php(126): require('/var/www/html/h...')
#3 /var/www/html/hrips/yii/framework/web/CBaseController.php(95): CBaseController->renderInternal('/var/www/html/h...', Array, true)
#4 /var/www/html/hrips/yii/framework/web/CController.php(869): CBaseController->renderFile('/var/www/html/h...', Array, true)
#5 /var/www/html/hrips/yii/framework/web/CController.php(782): CController->renderPartial('printme', Array, true)
#6 /var/www/html/hrips/protected/controllers/EmpAppraisalsController.php(59): CController->render('printme', Array)
#7 /var/www/html/hrips/yii/framework/web/actions/CInlineAction.php(49): EmpAppraisalsController->actionForprint()
#8 /var/www/html/hrips/yii/framework/web/CController.php(308): CInlineAction->runWithParams(Array)
#9 /var/www/html/hrips/yii/framework/web/filters/CFilterChain.php(133): CController->runAction(Object(CInlineAction))
#10 /var/www/html/hrips/yii/framework/web/filters/CFilter.php(40): CFilterChain->run()
#11 /var/www/html/hrips/yii/framework/web/CController.php(1145): CFilter->filter(Object(CFilterChain))
#12 /var/www/html/hrips/yii/framework/web/filters/CInlineFilter.php(58): CController->filterAccessControl(Object(CFilterChain))
#13 /var/www/html/hrips/yii/framework/web/filters/CFilterChain.php(130): CInlineFilter->filter(Object(CFilterChain))
#14 /var/www/html/hrips/yii/framework/web/CController.php(291): CFilterChain->run()
#15 /var/www/html/hrips/yii/framework/web/CController.php(265): CController->runActionWithFilters(Object(CInlineAction), Array)
#16 /var/www/html/hrips/yii/framework/web/CWebApplication.php(282): CController->run('forprint')
#17 /var/www/html/hrips/yii/framework/web/CWebApplication.php(141): CWebApplication->runController('empAppraisals/f...')
#18 /var/www/html/hrips/yii/framework/base/CApplication.php(169): CWebApplication->processRequest()
#19 /var/www/html/hrips/index.php(14): CApplication->run()
#20 {main}
REQUEST_URI=/hrips/index.php/empAppraisals/forprint/?EmpAppraisals[id]=&EmpAppraisals[empId]=&EmpAppraisals[RaiseType]=&EmpAppraisals[effectdate]=
---
2014/09/22 08:10:03 [error] [exception.CHttpException.403] exception 'CHttpException' with message 'You are not authorized to perform this action.' in /var/www/html/hrips/yii/framework/web/auth/CAccessControlFilter.php:179
Stack trace:
#0 /var/www/html/hrips/yii/framework/web/auth/CAccessControlFilter.php(142): CAccessControlFilter->accessDenied(Object(WebUser), 'You are not aut...')
#1 /var/www/html/hrips/yii/framework/web/filters/CFilter.php(38): CAccessControlFilter->preFilter(Object(CFilterChain))
#2 /var/www/html/hrips/yii/framework/web/CController.php(1145): CFilter->filter(Object(CFilterChain))
#3 /var/www/html/hrips/yii/framework/web/filters/CInlineFilter.php(58): CController->filterAccessControl(Object(CFilterChain))
#4 /var/www/html/hrips/yii/framework/web/filters/CFilterChain.php(130): CInlineFilter->filter(Object(CFilterChain))
#5 /var/www/html/hrips/yii/framework/web/CController.php(291): CFilterChain->run()
#6 /var/www/html/hrips/yii/framework/web/CController.php(265): CController->runActionWithFilters(Object(CInlineAction), Array)
#7 /var/www/html/hrips/yii/framework/web/CWebApplication.php(282): CController->run('')
#8 /var/www/html/hrips/yii/framework/web/CWebApplication.php(141): CWebApplication->runController('empAppraisals')
#9 /var/www/html/hrips/yii/framework/base/CApplication.php(169): CWebApplication->processRequest()
#10 /var/www/html/hrips/index.php(14): CApplication->run()
#11 {main}
REQUEST_URI=/hrips/index.php/empAppraisals/
---
2014/09/22 08:10:11 [error] [exception.CException] exception 'CException' with message 'Property "EmpAppraisals.ID" is not defined.' in /var/www/html/hrips/yii/framework/base/CComponent.php:130
Stack trace:
#0 /var/www/html/hrips/yii/framework/db/ar/CActiveRecord.php(143): CComponent->__get('ID')
#1 /var/www/html/hrips/protected/views/empAppraisals/printme.php(48): CActiveRecord->__get('ID')
#2 /var/www/html/hrips/yii/framework/web/CBaseController.php(126): require('/var/www/html/h...')
#3 /var/www/html/hrips/yii/framework/web/CBaseController.php(95): CBaseController->renderInternal('/var/www/html/h...', Array, true)
#4 /var/www/html/hrips/yii/framework/web/CController.php(869): CBaseController->renderFile('/var/www/html/h...', Array, true)
#5 /var/www/html/hrips/yii/framework/web/CController.php(782): CController->renderPartial('printme', Array, true)
#6 /var/www/html/hrips/protected/controllers/EmpAppraisalsController.php(59): CController->render('printme', Array)
#7 /var/www/html/hrips/yii/framework/web/actions/CInlineAction.php(49): EmpAppraisalsController->actionForprint()
#8 /var/www/html/hrips/yii/framework/web/CController.php(308): CInlineAction->runWithParams(Array)
#9 /var/www/html/hrips/yii/framework/web/filters/CFilterChain.php(133): CController->runAction(Object(CInlineAction))
#10 /var/www/html/hrips/yii/framework/web/filters/CFilter.php(40): CFilterChain->run()
#11 /var/www/html/hrips/yii/framework/web/CController.php(1145): CFilter->filter(Object(CFilterChain))
#12 /var/www/html/hrips/yii/framework/web/filters/CInlineFilter.php(58): CController->filterAccessControl(Object(CFilterChain))
#13 /var/www/html/hrips/yii/framework/web/filters/CFilterChain.php(130): CInlineFilter->filter(Object(CFilterChain))
#14 /var/www/html/hrips/yii/framework/web/CController.php(291): CFilterChain->run()
#15 /var/www/html/hrips/yii/framework/web/CController.php(265): CController->runActionWithFilters(Object(CInlineAction), Array)
#16 /var/www/html/hrips/yii/framework/web/CWebApplication.php(282): CController->run('forprint')
#17 /var/www/html/hrips/yii/framework/web/CWebApplication.php(141): CWebApplication->runController('empAppraisals/f...')
#18 /var/www/html/hrips/yii/framework/base/CApplication.php(169): CWebApplication->processRequest()
#19 /var/www/html/hrips/index.php(14): CApplication->run()
#20 {main}
REQUEST_URI=/hrips/index.php/empAppraisals/forprint/?EmpAppraisals%5Bid%5D=&EmpAppraisals%5BempId%5D=&EmpAppraisals%5BRaiseType%5D=&EmpAppraisals%5Beffectdate%5D=
HTTP_REFERER=http://192.168.1.231/hrips/index.php/EmpAppraisals/admin
---
2014/09/22 08:12:02 [error] [exception.CHttpException.403] exception 'CHttpException' with message 'You are not authorized to perform this action.' in /var/www/html/hrips/yii/framework/web/auth/CAccessControlFilter.php:179
Stack trace:
#0 /var/www/html/hrips/yii/framework/web/auth/CAccessControlFilter.php(142): CAccessControlFilter->accessDenied(Object(WebUser), 'You are not aut...')
#1 /var/www/html/hrips/yii/framework/web/filters/CFilter.php(38): CAccessControlFilter->preFilter(Object(CFilterChain))
#2 /var/www/html/hrips/yii/framework/web/CController.php(1145): CFilter->filter(Object(CFilterChain))
#3 /var/www/html/hrips/yii/framework/web/filters/CInlineFilter.php(58): CController->filterAccessControl(Object(CFilterChain))
#4 /var/www/html/hrips/yii/framework/web/filters/CFilterChain.php(130): CInlineFilter->filter(Object(CFilterChain))
#5 /var/www/html/hrips/yii/framework/web/CController.php(291): CFilterChain->run()
#6 /var/www/html/hrips/yii/framework/web/CController.php(265): CController->runActionWithFilters(Object(CInlineAction), Array)
#7 /var/www/html/hrips/yii/framework/web/CWebApplication.php(282): CController->run('')
#8 /var/www/html/hrips/yii/framework/web/CWebApplication.php(141): CWebApplication->runController('empAppraisals')
#9 /var/www/html/hrips/yii/framework/base/CApplication.php(169): CWebApplication->processRequest()
#10 /var/www/html/hrips/index.php(14): CApplication->run()
#11 {main}
REQUEST_URI=/hrips/index.php/empAppraisals/
---
2014/09/22 08:12:33 [error] [exception.CException] exception 'CException' with message 'Property "EmpAppraisals.ID" is not defined.' in /var/www/html/hrips/yii/framework/base/CComponent.php:130
Stack trace:
#0 /var/www/html/hrips/yii/framework/db/ar/CActiveRecord.php(143): CComponent->__get('ID')
#1 /var/www/html/hrips/protected/views/empAppraisals/printme.php(48): CActiveRecord->__get('ID')
#2 /var/www/html/hrips/yii/framework/web/CBaseController.php(126): require('/var/www/html/h...')
#3 /var/www/html/hrips/yii/framework/web/CBaseController.php(95): CBaseController->renderInternal('/var/www/html/h...', Array, true)
#4 /var/www/html/hrips/yii/framework/web/CController.php(869): CBaseController->renderFile('/var/www/html/h...', Array, true)
#5 /var/www/html/hrips/yii/framework/web/CController.php(782): CController->renderPartial('printme', Array, true)
#6 /var/www/html/hrips/protected/controllers/EmpAppraisalsController.php(59): CController->render('printme', Array)
#7 /var/www/html/hrips/yii/framework/web/actions/CInlineAction.php(49): EmpAppraisalsController->actionForprint()
#8 /var/www/html/hrips/yii/framework/web/CController.php(308): CInlineAction->runWithParams(Array)
#9 /var/www/html/hrips/yii/framework/web/filters/CFilterChain.php(133): CController->runAction(Object(CInlineAction))
#10 /var/www/html/hrips/yii/framework/web/filters/CFilter.php(40): CFilterChain->run()
#11 /var/www/html/hrips/yii/framework/web/CController.php(1145): CFilter->filter(Object(CFilterChain))
#12 /var/www/html/hrips/yii/framework/web/filters/CInlineFilter.php(58): CController->filterAccessControl(Object(CFilterChain))
#13 /var/www/html/hrips/yii/framework/web/filters/CFilterChain.php(130): CInlineFilter->filter(Object(CFilterChain))
#14 /var/www/html/hrips/yii/framework/web/CController.php(291): CFilterChain->run()
#15 /var/www/html/hrips/yii/framework/web/CController.php(265): CController->runActionWithFilters(Object(CInlineAction), Array)
#16 /var/www/html/hrips/yii/framework/web/CWebApplication.php(282): CController->run('forprint')
#17 /var/www/html/hrips/yii/framework/web/CWebApplication.php(141): CWebApplication->runController('empAppraisals/f...')
#18 /var/www/html/hrips/yii/framework/base/CApplication.php(169): CWebApplication->processRequest()
#19 /var/www/html/hrips/index.php(14): CApplication->run()
#20 {main}
REQUEST_URI=/hrips/index.php/empAppraisals/forprint/?EmpAppraisals%5Bid%5D=&EmpAppraisals%5BempId%5D=&EmpAppraisals%5BRaiseType%5D=&EmpAppraisals%5Beffectdate%5D=
HTTP_REFERER=http://192.168.1.231/hrips/index.php/EmpAppraisals/admin
---
2014/09/22 08:13:30 [error] [exception.CException] exception 'CException' with message 'Property "EmpAppraisals.ToSalary" is not defined.' in /var/www/html/hrips/yii/framework/base/CComponent.php:130
Stack trace:
#0 /var/www/html/hrips/yii/framework/db/ar/CActiveRecord.php(143): CComponent->__get('ToSalary')
#1 /var/www/html/hrips/protected/views/empAppraisals/printme.php(51): CActiveRecord->__get('ToSalary')
#2 /var/www/html/hrips/yii/framework/web/CBaseController.php(126): require('/var/www/html/h...')
#3 /var/www/html/hrips/yii/framework/web/CBaseController.php(95): CBaseController->renderInternal('/var/www/html/h...', Array, true)
#4 /var/www/html/hrips/yii/framework/web/CController.php(869): CBaseController->renderFile('/var/www/html/h...', Array, true)
#5 /var/www/html/hrips/yii/framework/web/CController.php(782): CController->renderPartial('printme', Array, true)
#6 /var/www/html/hrips/protected/controllers/EmpAppraisalsController.php(59): CController->render('printme', Array)
#7 /var/www/html/hrips/yii/framework/web/actions/CInlineAction.php(49): EmpAppraisalsController->actionForprint()
#8 /var/www/html/hrips/yii/framework/web/CController.php(308): CInlineAction->runWithParams(Array)
#9 /var/www/html/hrips/yii/framework/web/filters/CFilterChain.php(133): CController->runAction(Object(CInlineAction))
#10 /var/www/html/hrips/yii/framework/web/filters/CFilter.php(40): CFilterChain->run()
#11 /var/www/html/hrips/yii/framework/web/CController.php(1145): CFilter->filter(Object(CFilterChain))
#12 /var/www/html/hrips/yii/framework/web/filters/CInlineFilter.php(58): CController->filterAccessControl(Object(CFilterChain))
#13 /var/www/html/hrips/yii/framework/web/filters/CFilterChain.php(130): CInlineFilter->filter(Object(CFilterChain))
#14 /var/www/html/hrips/yii/framework/web/CController.php(291): CFilterChain->run()
#15 /var/www/html/hrips/yii/framework/web/CController.php(265): CController->runActionWithFilters(Object(CInlineAction), Array)
#16 /var/www/html/hrips/yii/framework/web/CWebApplication.php(282): CController->run('forprint')
#17 /var/www/html/hrips/yii/framework/web/CWebApplication.php(141): CWebApplication->runController('empAppraisals/f...')
#18 /var/www/html/hrips/yii/framework/base/CApplication.php(169): CWebApplication->processRequest()
#19 /var/www/html/hrips/index.php(14): CApplication->run()
#20 {main}
REQUEST_URI=/hrips/index.php/empAppraisals/forprint/?EmpAppraisals[id]=&EmpAppraisals[empId]=&EmpAppraisals[RaiseType]=&EmpAppraisals[effectdate]=
---
2014/09/22 09:36:05 [error] [php] Undefined variable: data (/var/www/html/hrips/protected/models/EmpMo.php:72)
Stack trace:
#0 /var/www/html/hrips/protected/controllers/EmpAppraisalsController.php(93): EmpAppraisals->save()
#1 /var/www/html/hrips/yii/framework/web/actions/CInlineAction.php(49): EmpAppraisalsController->actionCreate()
#2 /var/www/html/hrips/yii/framework/web/CController.php(308): CInlineAction->runWithParams()
#3 /var/www/html/hrips/yii/framework/web/filters/CFilterChain.php(133): EmpAppraisalsController->runAction()
#4 /var/www/html/hrips/yii/framework/web/filters/CFilter.php(40): CFilterChain->run()
#5 /var/www/html/hrips/yii/framework/web/CController.php(1145): CAccessControlFilter->filter()
#6 /var/www/html/hrips/yii/framework/web/filters/CInlineFilter.php(58): EmpAppraisalsController->filterAccessControl()
#7 /var/www/html/hrips/yii/framework/web/filters/CFilterChain.php(130): CInlineFilter->filter()
#8 /var/www/html/hrips/yii/framework/web/CController.php(291): CFilterChain->run()
#9 /var/www/html/hrips/yii/framework/web/CController.php(265): EmpAppraisalsController->runActionWithFilters()
#10 /var/www/html/hrips/yii/framework/web/CWebApplication.php(282): EmpAppraisalsController->run()
#11 /var/www/html/hrips/yii/framework/web/CWebApplication.php(141): CWebApplication->runController()
#12 /var/www/html/hrips/yii/framework/base/CApplication.php(169): CWebApplication->processRequest()
#13 /var/www/html/hrips/index.php(14): CWebApplication->run()
REQUEST_URI=/hrips/index.php/empAppraisals/create
in /var/www/html/hrips/protected/models/EmpMo.php (72)
2014/09/22 09:38:43 [error] [exception.CException] exception 'CException' with message 'Property "EmpAppraisalsController.empName" is not defined.' in /var/www/html/hrips/yii/framework/base/CComponent.php:130
Stack trace:
#0 /var/www/html/hrips/protected/controllers/EmpAppraisalsController.php(85): CComponent->__get('empName')
#1 /var/www/html/hrips/yii/framework/web/actions/CInlineAction.php(49): EmpAppraisalsController->actionCreate()
#2 /var/www/html/hrips/yii/framework/web/CController.php(308): CInlineAction->runWithParams(Array)
#3 /var/www/html/hrips/yii/framework/web/filters/CFilterChain.php(133): CController->runAction(Object(CInlineAction))
#4 /var/www/html/hrips/yii/framework/web/filters/CFilter.php(40): CFilterChain->run()
#5 /var/www/html/hrips/yii/framework/web/CController.php(1145): CFilter->filter(Object(CFilterChain))
#6 /var/www/html/hrips/yii/framework/web/filters/CInlineFilter.php(58): CController->filterAccessControl(Object(CFilterChain))
#7 /var/www/html/hrips/yii/framework/web/filters/CFilterChain.php(130): CInlineFilter->filter(Object(CFilterChain))
#8 /var/www/html/hrips/yii/framework/web/CController.php(291): CFilterChain->run()
#9 /var/www/html/hrips/yii/framework/web/CController.php(265): CController->runActionWithFilters(Object(CInlineAction), Array)
#10 /var/www/html/hrips/yii/framework/web/CWebApplication.php(282): CController->run('create')
#11 /var/www/html/hrips/yii/framework/web/CWebApplication.php(141): CWebApplication->runController('empAppraisals/c...')
#12 /var/www/html/hrips/yii/framework/base/CApplication.php(169): CWebApplication->processRequest()
#13 /var/www/html/hrips/index.php(14): CApplication->run()
#14 {main}
REQUEST_URI=/hrips/index.php/empAppraisals/create
HTTP_REFERER=http://192.168.1.231/hrips/index.php/empAppraisals/create
---
2014/09/22 09:39:55 [error] [php] Creating default object from empty value (/var/www/html/hrips/protected/models/EmpMo.php:72)
Stack trace:
#0 /var/www/html/hrips/protected/controllers/EmpAppraisalsController.php(93): EmpAppraisals->save()
#1 /var/www/html/hrips/yii/framework/web/actions/CInlineAction.php(49): EmpAppraisalsController->actionCreate()
#2 /var/www/html/hrips/yii/framework/web/CController.php(308): CInlineAction->runWithParams()
#3 /var/www/html/hrips/yii/framework/web/filters/CFilterChain.php(133): EmpAppraisalsController->runAction()
#4 /var/www/html/hrips/yii/framework/web/filters/CFilter.php(40): CFilterChain->run()
#5 /var/www/html/hrips/yii/framework/web/CController.php(1145): CAccessControlFilter->filter()
#6 /var/www/html/hrips/yii/framework/web/filters/CInlineFilter.php(58): EmpAppraisalsController->filterAccessControl()
#7 /var/www/html/hrips/yii/framework/web/filters/CFilterChain.php(130): CInlineFilter->filter()
#8 /var/www/html/hrips/yii/framework/web/CController.php(291): CFilterChain->run()
#9 /var/www/html/hrips/yii/framework/web/CController.php(265): EmpAppraisalsController->runActionWithFilters()
#10 /var/www/html/hrips/yii/framework/web/CWebApplication.php(282): EmpAppraisalsController->run()
#11 /var/www/html/hrips/yii/framework/web/CWebApplication.php(141): CWebApplication->runController()
#12 /var/www/html/hrips/yii/framework/base/CApplication.php(169): CWebApplication->processRequest()
#13 /var/www/html/hrips/index.php(14): CWebApplication->run()
REQUEST_URI=/hrips/index.php/empAppraisals/create
in /var/www/html/hrips/protected/models/EmpMo.php (72)
2014/09/22 09:54:52 [error] [php] Use of undefined constant empId - assumed 'empId' (/var/www/html/hrips/protected/models/EmpMo.php:72)
Stack trace:
#0 /var/www/html/hrips/protected/controllers/EmpAppraisalsController.php(93): EmpAppraisals->save()
#1 /var/www/html/hrips/yii/framework/web/actions/CInlineAction.php(49): EmpAppraisalsController->actionCreate()
#2 /var/www/html/hrips/yii/framework/web/CController.php(308): CInlineAction->runWithParams()
#3 /var/www/html/hrips/yii/framework/web/filters/CFilterChain.php(133): EmpAppraisalsController->runAction()
#4 /var/www/html/hrips/yii/framework/web/filters/CFilter.php(40): CFilterChain->run()
#5 /var/www/html/hrips/yii/framework/web/CController.php(1145): CAccessControlFilter->filter()
#6 /var/www/html/hrips/yii/framework/web/filters/CInlineFilter.php(58): EmpAppraisalsController->filterAccessControl()
#7 /var/www/html/hrips/yii/framework/web/filters/CFilterChain.php(130): CInlineFilter->filter()
#8 /var/www/html/hrips/yii/framework/web/CController.php(291): CFilterChain->run()
#9 /var/www/html/hrips/yii/framework/web/CController.php(265): EmpAppraisalsController->runActionWithFilters()
#10 /var/www/html/hrips/yii/framework/web/CWebApplication.php(282): EmpAppraisalsController->run()
#11 /var/www/html/hrips/yii/framework/web/CWebApplication.php(141): CWebApplication->runController()
#12 /var/www/html/hrips/yii/framework/base/CApplication.php(169): CWebApplication->processRequest()
#13 /var/www/html/hrips/index.php(14): CWebApplication->run()
REQUEST_URI=/hrips/index.php/empAppraisals/create
in /var/www/html/hrips/protected/models/EmpMo.php (72)
2014/09/22 09:56:46 [error] [system.db.CDbCommand] CDbCommand::fetch() failed: SQLSTATE[HY093]: Invalid parameter number: parameter was not defined. The SQL statement executed was: SELECT * FROM `emp_information` `t` WHERE empName=:empName LIMIT 1. Bound with :empId='1123'.
in /var/www/html/hrips/protected/models/EmpMo.php (72)
2014/09/22 09:56:46 [error] [exception.CDbException] exception 'CDbException' with message 'CDbCommand failed to execute the SQL statement: SQLSTATE[HY093]: Invalid parameter number: parameter was not defined. The SQL statement executed was: SELECT * FROM `emp_information` `t` WHERE empName=:empName LIMIT 1. Bound with :empId='1123'' in /var/www/html/hrips/yii/framework/db/CDbCommand.php:541
Stack trace:
#0 /var/www/html/hrips/yii/framework/db/CDbCommand.php(414): CDbCommand->queryInternal('fetch', Array, Array)
#1 /var/www/html/hrips/yii/framework/db/ar/CActiveRecord.php(1297): CDbCommand->queryRow()
#2 /var/www/html/hrips/yii/framework/db/ar/CActiveRecord.php(1402): CActiveRecord->query(Object(CDbCriteria))
#3 /var/www/html/hrips/protected/models/EmpMo.php(72): CActiveRecord->find('empName=:empNam...', Array)
#4 /var/www/html/hrips/yii/framework/db/ar/CActiveRecord.php(1017): EmpMo->beforeSave()
#5 /var/www/html/hrips/yii/framework/db/ar/CActiveRecord.php(795): CActiveRecord->insert(NULL)
#6 /var/www/html/hrips/protected/controllers/EmpAppraisalsController.php(93): CActiveRecord->save()
#7 /var/www/html/hrips/yii/framework/web/actions/CInlineAction.php(49): EmpAppraisalsController->actionCreate()
#8 /var/www/html/hrips/yii/framework/web/CController.php(308): CInlineAction->runWithParams(Array)
#9 /var/www/html/hrips/yii/framework/web/filters/CFilterChain.php(133): CController->runAction(Object(CInlineAction))
#10 /var/www/html/hrips/yii/framework/web/filters/CFilter.php(40): CFilterChain->run()
#11 /var/www/html/hrips/yii/framework/web/CController.php(1145): CFilter->filter(Object(CFilterChain))
#12 /var/www/html/hrips/yii/framework/web/filters/CInlineFilter.php(58): CController->filterAccessControl(Object(CFilterChain))
#13 /var/www/html/hrips/yii/framework/web/filters/CFilterChain.php(130): CInlineFilter->filter(Object(CFilterChain))
#14 /var/www/html/hrips/yii/framework/web/CController.php(291): CFilterChain->run()
#15 /var/www/html/hrips/yii/framework/web/CController.php(265): CController->runActionWithFilters(Object(CInlineAction), Array)
#16 /var/www/html/hrips/yii/framework/web/CWebApplication.php(282): CController->run('create')
#17 /var/www/html/hrips/yii/framework/web/CWebApplication.php(141): CWebApplication->runController('empAppraisals/c...')
#18 /var/www/html/hrips/yii/framework/base/CApplication.php(169): CWebApplication->processRequest()
#19 /var/www/html/hrips/index.php(14): CApplication->run()
#20 {main}
REQUEST_URI=/hrips/index.php/empAppraisals/create
HTTP_REFERER=http://192.168.1.231/hrips/index.php/empAppraisals/create
---
2014/09/22 09:57:51 [error] [system.db.CDbCommand] CDbCommand::fetch() failed: SQLSTATE[HY093]: Invalid parameter number: number of bound variables does not match number of tokens. The SQL statement executed was: SELECT * FROM `emp_information` `t` WHERE empName=:empName AND empId=:empId LIMIT 1. Bound with :empId='1131'.
in /var/www/html/hrips/protected/models/EmpMo.php (72)
2014/09/22 09:57:51 [error] [exception.CDbException] exception 'CDbException' with message 'CDbCommand failed to execute the SQL statement: SQLSTATE[HY093]: Invalid parameter number: number of bound variables does not match number of tokens. The SQL statement executed was: SELECT * FROM `emp_information` `t` WHERE empName=:empName AND empId=:empId LIMIT 1. Bound with :empId='1131'' in /var/www/html/hrips/yii/framework/db/CDbCommand.php:541
Stack trace:
#0 /var/www/html/hrips/yii/framework/db/CDbCommand.php(414): CDbCommand->queryInternal('fetch', Array, Array)
#1 /var/www/html/hrips/yii/framework/db/ar/CActiveRecord.php(1297): CDbCommand->queryRow()
#2 /var/www/html/hrips/yii/framework/db/ar/CActiveRecord.php(1402): CActiveRecord->query(Object(CDbCriteria))
#3 /var/www/html/hrips/protected/models/EmpMo.php(72): CActiveRecord->find('empName=:empNam...', Array)
#4 /var/www/html/hrips/yii/framework/db/ar/CActiveRecord.php(1017): EmpMo->beforeSave()
#5 /var/www/html/hrips/yii/framework/db/ar/CActiveRecord.php(795): CActiveRecord->insert(NULL)
#6 /var/www/html/hrips/protected/controllers/EmpAppraisalsController.php(93): CActiveRecord->save()
#7 /var/www/html/hrips/yii/framework/web/actions/CInlineAction.php(49): EmpAppraisalsController->actionCreate()
#8 /var/www/html/hrips/yii/framework/web/CController.php(308): CInlineAction->runWithParams(Array)
#9 /var/www/html/hrips/yii/framework/web/filters/CFilterChain.php(133): CController->runAction(Object(CInlineAction))
#10 /var/www/html/hrips/yii/framework/web/filters/CFilter.php(40): CFilterChain->run()
#11 /var/www/html/hrips/yii/framework/web/CController.php(1145): CFilter->filter(Object(CFilterChain))
#12 /var/www/html/hrips/yii/framework/web/filters/CInlineFilter.php(58): CController->filterAccessControl(Object(CFilterChain))
#13 /var/www/html/hrips/yii/framework/web/filters/CFilterChain.php(130): CInlineFilter->filter(Object(CFilterChain))
#14 /var/www/html/hrips/yii/framework/web/CController.php(291): CFilterChain->run()
#15 /var/www/html/hrips/yii/framework/web/CController.php(265): CController->runActionWithFilters(Object(CInlineAction), Array)
#16 /var/www/html/hrips/yii/framework/web/CWebApplication.php(282): CController->run('create')
#17 /var/www/html/hrips/yii/framework/web/CWebApplication.php(141): CWebApplication->runController('empAppraisals/c...')
#18 /var/www/html/hrips/yii/framework/base/CApplication.php(169): CWebApplication->processRequest()
#19 /var/www/html/hrips/index.php(14): CApplication->run()
#20 {main}
REQUEST_URI=/hrips/index.php/empAppraisals/create
HTTP_REFERER=http://192.168.1.231/hrips/index.php/empAppraisals/create
---
2014/09/22 10:02:58 [error] [system.db.CDbCommand] CDbCommand::fetch() failed: SQLSTATE[HY093]: Invalid parameter number: parameter was not defined. The SQL statement executed was: SELECT * FROM `emp_information` `t` WHERE empName=:empName LIMIT 1. Bound with :empId='1131'.
in /var/www/html/hrips/protected/models/EmpMo.php (72)
2014/09/22 10:02:58 [error] [exception.CDbException] exception 'CDbException' with message 'CDbCommand failed to execute the SQL statement: SQLSTATE[HY093]: Invalid parameter number: parameter was not defined. The SQL statement executed was: SELECT * FROM `emp_information` `t` WHERE empName=:empName LIMIT 1. Bound with :empId='1131'' in /var/www/html/hrips/yii/framework/db/CDbCommand.php:541
Stack trace:
#0 /var/www/html/hrips/yii/framework/db/CDbCommand.php(414): CDbCommand->queryInternal('fetch', Array, Array)
#1 /var/www/html/hrips/yii/framework/db/ar/CActiveRecord.php(1297): CDbCommand->queryRow()
#2 /var/www/html/hrips/yii/framework/db/ar/CActiveRecord.php(1402): CActiveRecord->query(Object(CDbCriteria))
#3 /var/www/html/hrips/protected/models/EmpMo.php(72): CActiveRecord->find('empName=:empNam...', Array)
#4 /var/www/html/hrips/yii/framework/db/ar/CActiveRecord.php(1017): EmpMo->beforeSave()
#5 /var/www/html/hrips/yii/framework/db/ar/CActiveRecord.php(795): CActiveRecord->insert(NULL)
#6 /var/www/html/hrips/protected/controllers/EmpAppraisalsController.php(93): CActiveRecord->save()
#7 /var/www/html/hrips/yii/framework/web/actions/CInlineAction.php(49): EmpAppraisalsController->actionCreate()
#8 /var/www/html/hrips/yii/framework/web/CController.php(308): CInlineAction->runWithParams(Array)
#9 /var/www/html/hrips/yii/framework/web/filters/CFilterChain.php(133): CController->runAction(Object(CInlineAction))
#10 /var/www/html/hrips/yii/framework/web/filters/CFilter.php(40): CFilterChain->run()
#11 /var/www/html/hrips/yii/framework/web/CController.php(1145): CFilter->filter(Object(CFilterChain))
#12 /var/www/html/hrips/yii/framework/web/filters/CInlineFilter.php(58): CController->filterAccessControl(Object(CFilterChain))
#13 /var/www/html/hrips/yii/framework/web/filters/CFilterChain.php(130): CInlineFilter->filter(Object(CFilterChain))
#14 /var/www/html/hrips/yii/framework/web/CController.php(291): CFilterChain->run()
#15 /var/www/html/hrips/yii/framework/web/CController.php(265): CController->runActionWithFilters(Object(CInlineAction), Array)
#16 /var/www/html/hrips/yii/framework/web/CWebApplication.php(282): CController->run('create')
#17 /var/www/html/hrips/yii/framework/web/CWebApplication.php(141): CWebApplication->runController('empAppraisals/c...')
#18 /var/www/html/hrips/yii/framework/base/CApplication.php(169): CWebApplication->processRequest()
#19 /var/www/html/hrips/index.php(14): CApplication->run()
#20 {main}
REQUEST_URI=/hrips/index.php/empAppraisals/create
HTTP_REFERER=http://192.168.1.231/hrips/index.php/empAppraisals/create
---
2014/09/22 10:08:42 [error] [system.db.CDbCommand] CDbCommand::fetch() failed: SQLSTATE[HY093]: Invalid parameter number: parameter was not defined. The SQL statement executed was: SELECT LastName, FirstName FROM `emp_information` `t` WHERE empName=:empName LIMIT 1. Bound with :empId='1131'.
in /var/www/html/hrips/protected/models/EmpMo.php (77)
2014/09/22 10:08:42 [error] [exception.CDbException] exception 'CDbException' with message 'CDbCommand failed to execute the SQL statement: SQLSTATE[HY093]: Invalid parameter number: parameter was not defined. The SQL statement executed was: SELECT LastName, FirstName FROM `emp_information` `t` WHERE empName=:empName LIMIT 1. Bound with :empId='1131'' in /var/www/html/hrips/yii/framework/db/CDbCommand.php:541
Stack trace:
#0 /var/www/html/hrips/yii/framework/db/CDbCommand.php(414): CDbCommand->queryInternal('fetch', Array, Array)
#1 /var/www/html/hrips/yii/framework/db/ar/CActiveRecord.php(1297): CDbCommand->queryRow()
#2 /var/www/html/hrips/yii/framework/db/ar/CActiveRecord.php(1402): CActiveRecord->query(Object(CDbCriteria))
#3 /var/www/html/hrips/protected/models/EmpMo.php(77): CActiveRecord->find(Array)
#4 /var/www/html/hrips/yii/framework/db/ar/CActiveRecord.php(1017): EmpMo->beforeSave()
#5 /var/www/html/hrips/yii/framework/db/ar/CActiveRecord.php(795): CActiveRecord->insert(NULL)
#6 /var/www/html/hrips/protected/controllers/EmpAppraisalsController.php(93): CActiveRecord->save()
#7 /var/www/html/hrips/yii/framework/web/actions/CInlineAction.php(49): EmpAppraisalsController->actionCreate()
#8 /var/www/html/hrips/yii/framework/web/CController.php(308): CInlineAction->runWithParams(Array)
#9 /var/www/html/hrips/yii/framework/web/filters/CFilterChain.php(133): CController->runAction(Object(CInlineAction))
#10 /var/www/html/hrips/yii/framework/web/filters/CFilter.php(40): CFilterChain->run()
#11 /var/www/html/hrips/yii/framework/web/CController.php(1145): CFilter->filter(Object(CFilterChain))
#12 /var/www/html/hrips/yii/framework/web/filters/CInlineFilter.php(58): CController->filterAccessControl(Object(CFilterChain))
#13 /var/www/html/hrips/yii/framework/web/filters/CFilterChain.php(130): CInlineFilter->filter(Object(CFilterChain))
#14 /var/www/html/hrips/yii/framework/web/CController.php(291): CFilterChain->run()
#15 /var/www/html/hrips/yii/framework/web/CController.php(265): CController->runActionWithFilters(Object(CInlineAction), Array)
#16 /var/www/html/hrips/yii/framework/web/CWebApplication.php(282): CController->run('create')
#17 /var/www/html/hrips/yii/framework/web/CWebApplication.php(141): CWebApplication->runController('empAppraisals/c...')
#18 /var/www/html/hrips/yii/framework/base/CApplication.php(169): CWebApplication->processRequest()
#19 /var/www/html/hrips/index.php(14): CApplication->run()
#20 {main}
REQUEST_URI=/hrips/index.php/empAppraisals/create
HTTP_REFERER=http://192.168.1.231/hrips/index.php/empAppraisals/create
---
2014/09/22 10:20:09 [error] [exception.CException] exception 'CException' with message 'Property "EmpAppraisalsController.empName" is not defined.' in /var/www/html/hrips/yii/framework/base/CComponent.php:130
Stack trace:
#0 /var/www/html/hrips/protected/controllers/EmpAppraisalsController.php(89): CComponent->__get('empName')
#1 /var/www/html/hrips/yii/framework/web/actions/CInlineAction.php(49): EmpAppraisalsController->actionCreate()
#2 /var/www/html/hrips/yii/framework/web/CController.php(308): CInlineAction->runWithParams(Array)
#3 /var/www/html/hrips/yii/framework/web/filters/CFilterChain.php(133): CController->runAction(Object(CInlineAction))
#4 /var/www/html/hrips/yii/framework/web/filters/CFilter.php(40): CFilterChain->run()
#5 /var/www/html/hrips/yii/framework/web/CController.php(1145): CFilter->filter(Object(CFilterChain))
#6 /var/www/html/hrips/yii/framework/web/filters/CInlineFilter.php(58): CController->filterAccessControl(Object(CFilterChain))
#7 /var/www/html/hrips/yii/framework/web/filters/CFilterChain.php(130): CInlineFilter->filter(Object(CFilterChain))
#8 /var/www/html/hrips/yii/framework/web/CController.php(291): CFilterChain->run()
#9 /var/www/html/hrips/yii/framework/web/CController.php(265): CController->runActionWithFilters(Object(CInlineAction), Array)
#10 /var/www/html/hrips/yii/framework/web/CWebApplication.php(282): CController->run('create')
#11 /var/www/html/hrips/yii/framework/web/CWebApplication.php(141): CWebApplication->runController('empAppraisals/c...')
#12 /var/www/html/hrips/yii/framework/base/CApplication.php(169): CWebApplication->processRequest()
#13 /var/www/html/hrips/index.php(14): CApplication->run()
#14 {main}
REQUEST_URI=/hrips/index.php/empAppraisals/create
HTTP_REFERER=http://192.168.1.231/hrips/index.php/empAppraisals/create
---
2014/09/22 10:29:38 [error] [exception.CException] exception 'CException' with message 'Property "EmpAppraisalsController.empId" is not defined.' in /var/www/html/hrips/yii/framework/base/CComponent.php:130
Stack trace:
#0 /var/www/html/hrips/protected/views/empAppraisals/_form.php(105): CComponent->__get('empId')
#1 /var/www/html/hrips/yii/framework/web/CBaseController.php(126): require('/var/www/html/h...')
#2 /var/www/html/hrips/yii/framework/web/CBaseController.php(95): CBaseController->renderInternal('/var/www/html/h...', Array, true)
#3 /var/www/html/hrips/yii/framework/web/CController.php(869): CBaseController->renderFile('/var/www/html/h...', Array, true)
#4 /var/www/html/hrips/protected/views/empAppraisals/create.php(18): CController->renderPartial('_form', Array)
#5 /var/www/html/hrips/yii/framework/web/CBaseController.php(126): require('/var/www/html/h...')
#6 /var/www/html/hrips/yii/framework/web/CBaseController.php(95): CBaseController->renderInternal('/var/www/html/h...', Array, true)
#7 /var/www/html/hrips/yii/framework/web/CController.php(869): CBaseController->renderFile('/var/www/html/h...', Array, true)
#8 /var/www/html/hrips/yii/framework/web/CController.php(782): CController->renderPartial('create', Array, true)
#9 /var/www/html/hrips/protected/controllers/EmpAppraisalsController.php(107): CController->render('create', Array)
#10 /var/www/html/hrips/yii/framework/web/actions/CInlineAction.php(49): EmpAppraisalsController->actionCreate()
#11 /var/www/html/hrips/yii/framework/web/CController.php(308): CInlineAction->runWithParams(Array)
#12 /var/www/html/hrips/yii/framework/web/filters/CFilterChain.php(133): CController->runAction(Object(CInlineAction))
#13 /var/www/html/hrips/yii/framework/web/filters/CFilter.php(40): CFilterChain->run()
#14 /var/www/html/hrips/yii/framework/web/CController.php(1145): CFilter->filter(Object(CFilterChain))
#15 /var/www/html/hrips/yii/framework/web/filters/CInlineFilter.php(58): CController->filterAccessControl(Object(CFilterChain))
#16 /var/www/html/hrips/yii/framework/web/filters/CFilterChain.php(130): CInlineFilter->filter(Object(CFilterChain))
#17 /var/www/html/hrips/yii/framework/web/CController.php(291): CFilterChain->run()
#18 /var/www/html/hrips/yii/framework/web/CController.php(265): CController->runActionWithFilters(Object(CInlineAction), Array)
#19 /var/www/html/hrips/yii/framework/web/CWebApplication.php(282): CController->run('create')
#20 /var/www/html/hrips/yii/framework/web/CWebApplication.php(141): CWebApplication->runController('empAppraisals/c...')
#21 /var/www/html/hrips/yii/framework/base/CApplication.php(169): CWebApplication->processRequest()
#22 /var/www/html/hrips/index.php(14): CApplication->run()
#23 {main}
REQUEST_URI=/hrips/index.php/empAppraisals/create
---
2014/09/22 11:00:05 [error] [php] Trying to get property of non-object (/var/www/html/hrips/yii/framework/base/CComponent.php(606) : eval()'d code:1)
Stack trace:
#0 /var/www/html/hrips/yii/framework/zii/widgets/grid/CGridColumn.php(144): CDataColumn->renderDataCellContent()
#1 /var/www/html/hrips/yii/framework/zii/widgets/grid/CGridView.php(589): CDataColumn->renderDataCell()
#2 /var/www/html/hrips/yii/framework/zii/widgets/grid/CGridView.php(545): CGridView->renderTableRow()
#3 /var/www/html/hrips/yii/framework/zii/widgets/grid/CGridView.php(455): CGridView->renderTableBody()
#4 /var/www/html/hrips/yii/framework/zii/widgets/CBaseListView.php(160): CGridView->renderItems()
#5 unknown(0): CGridView->renderSection()
#6 /var/www/html/hrips/yii/framework/zii/widgets/CBaseListView.php(143): preg_replace_callback()
#7 /var/www/html/hrips/yii/framework/zii/widgets/CBaseListView.php(128): CGridView->renderContent()
#8 /var/www/html/hrips/yii/framework/web/CBaseController.php(173): CGridView->run()
#9 /var/www/html/hrips/protected/views/empAppraisals/admin.php(111): EmpAppraisalsController->widget()
#10 /var/www/html/hrips/yii/framework/web/CBaseController.php(126): require()
#11 /var/www/html/hrips/yii/framework/web/CBaseController.php(95): EmpAppraisalsController->renderInternal()
#12 /var/www/html/hrips/yii/framework/web/CController.php(869): EmpAppraisalsController->renderFile()
#13 /var/www/html/hrips/yii/framework/web/CController.php(782): EmpAppraisalsController->renderPartial()
#14 /var/www/html/hrips/protected/controllers/EmpAppraisalsController.php(186): EmpAppraisalsController->render()
#15 /var/www/html/hrips/yii/framework/web/actions/CInlineAction.php(49): EmpAppraisalsController->actionAdmin()
#16 /var/www/html/hrips/yii/framework/web/CController.php(308): CInlineAction->runWithParams()
#17 /var/www/html/hrips/yii/framework/web/filters/CFilterChain.php(133): EmpAppraisalsController->runAction()
#18 /var/www/html/hrips/yii/framework/web/filters/CFilter.php(40): CFilterChain->run()
#19 /var/www/html/hrips/yii/framework/web/CController.php(1145): CAccessControlFilter->filter()
#20 /var/www/html/hrips/yii/framework/web/filters/CInlineFilter.php(58): EmpAppraisalsController->filterAccessControl()
#21 /var/www/html/hrips/yii/framework/web/filters/CFilterChain.php(130): CInlineFilter->filter()
#22 /var/www/html/hrips/yii/framework/web/CController.php(291): CFilterChain->run()
#23 /var/www/html/hrips/yii/framework/web/CController.php(265): EmpAppraisalsController->runActionWithFilters()
#24 /var/www/html/hrips/yii/framework/web/CWebApplication.php(282): EmpAppraisalsController->run()
#25 /var/www/html/hrips/yii/framework/web/CWebApplication.php(141): CWebApplication->runController()
#26 /var/www/html/hrips/yii/framework/base/CApplication.php(169): CWebApplication->processRequest()
#27 /var/www/html/hrips/index.php(14): CWebApplication->run()
REQUEST_URI=/hrips/index.php/empAppraisals/admin
in /var/www/html/hrips/protected/views/empAppraisals/admin.php (111)
